#
# A fatal error has been detected by the Java Runtime Environment:
#
#  EXCEPTION_ACCESS_VIOLATION (0xc0000005) at pc=0x00007ffae535c64d, pid=17260, tid=1124
#
# JRE version: OpenJDK Runtime Environment (18.0.2+9) (build 18.0.2+9-61)
# Java VM: OpenJDK 64-Bit Server VM (18.0.2+9-61, mixed mode, sharing, tiered, compressed oops, compressed class ptrs, g1 gc, windows-amd64)
# Problematic frame:
# C  [lwjgl_opengl.dll+0xc64d]
#
# No core dump will be written. Minidumps are not enabled by default on client versions of Windows
#
# If you would like to submit a bug report, please visit:
#   https://bugreport.java.com/bugreport/crash.jsp
# The crash happened outside the Java Virtual Machine in native code.
# See problematic frame for where to report the bug.
#

---------------  S U M M A R Y ------------

Command Line: -javaagent:D:\IntelliJ\IntelliJ IDEA Community Edition 2022.2\lib\idea_rt.jar=56540:D:\IntelliJ\IntelliJ IDEA Community Edition 2022.2\bin -Dfile.encoding=UTF-8 ShadowDimension.ShadowDimension

Host: Intel(R) Core(TM) i5-7600 CPU @ 3.50GHz, 4 cores, 15G,  Windows 10 , 64 bit Build 19041 (10.0.19041.1889)
Time: Thu Oct  6 17:29:22 2022 AUS Eastern Summer Time elapsed time: 0.255493 seconds (0d 0h 0m 0s)

---------------  T H R E A D  ---------------

Current thread (0x000002b9b86cf5a0):  JavaThread "main" [_thread_in_native, id=1124, stack(0x000000e45d900000,0x000000e45da00000)]

Stack: [0x000000e45d900000,0x000000e45da00000],  sp=0x000000e45d9ff088,  free space=1020k
Native frames: (J=compiled Java code, j=interpreted, Vv=VM code, C=native code)
C  [lwjgl_opengl.dll+0xc64d]

Java frames: (J=compiled Java code, j=interpreted, Vv=VM code)
j  org.lwjgl.opengl.GL11C.nglGenTextures(IJ)V+0
j  org.lwjgl.opengl.GL11C.glGenTextures()I+20
j  org.lwjgl.opengl.GL11.glGenTextures()I+0
j  bagel.Texture.<init>(IILjava/nio/ByteBuffer;)V+21
j  bagel.InternalFont.<init>(Ljava/lang/String;I)V+231
j  bagel.TextureManager.getFont(Ljava/lang/String;I)Lbagel/InternalFont;+41
j  bagel.Font.<init>(Ljava/lang/String;I)V+7
j  ShadowDimension.Level.<init>()V+13
j  ShadowDimension.ShadowDimension.<clinit>()V+51
v  ~StubRoutines::call_stub

siginfo: EXCEPTION_ACCESS_VIOLATION (0xc0000005), reading address 0x00000000000002d8


Register to memory mapping:

RIP=0x00007ffae535c64d lwjgl_opengl.dll
RAX=0x000002b9df26ebc0 points into unknown readable memory: 0x0000000000000000 | 00 00 00 00 00 00 00 00
RBX={method} {0x000002b9db542c90} 'nglGenTextures' '(IJ)V' in 'org/lwjgl/opengl/GL11C'
RCX=0x0000000000000001 is an unknown value
RDX=0x000002b9df36046c points into unknown readable memory: 00 00 00 00
RSP=0x000000e45d9ff088 is pointing into the stack for thread: 0x000002b9b86cf5a0
RBP=0x000000e45d9ff118 is pointing into the stack for thread: 0x000002b9b86cf5a0
RSI=0x000002b9db148a70 is pointing into metadata
RDI=0x000002b9c00195cd is at code_begin+1325 in an Interpreter codelet
return entry points  [0x000002b9c00190a0, 0x000002b9c0019ba0]  2816 bytes
R8 =0x0000000000000001 is an unknown value
R9 =0x000002b9df36046c points into unknown readable memory: 00 00 00 00
R10=0x0 is NULL
R11=0x00000007105d0bf8 is an oop: java.lang.Class 
{0x00000007105d0bf8} - klass: 'java/lang/Class'
 - ---- fields (total size 116 words):
 - private volatile transient 'classRedefinedCount' 'I' @12  0
 - abstract internal 'klass' 'J' @16  34372424136 (c191c8 8)
 - abstract internal 'array_klass' 'J' @24  0 (0 0)
 - abstract internal 'oop_size' 'I' @32  116 (74)
 - abstract internal 'static_oop_field_count' 'I' @36  0
 - private volatile transient 'cachedConstructor' 'Ljava/lang/reflect/Constructor;' @40  NULL (0)
 - private transient 'name' 'Ljava/lang/String;' @44  "org.lwjgl.opengl.GL11C"{0x00000007105d0fa8} (e20ba1f5)
 - private transient 'module' 'Ljava/lang/Module;' @48  a 'java/lang/Module'{0x00000007108a84e8} (e211509d)
 - private final 'classLoader' 'Ljava/lang/ClassLoader;' @52  a 'jdk/internal/loader/ClassLoaders$AppClassLoader'{0x00000007108a8328} (e2115065)
 - private transient 'classData' 'Ljava/lang/Object;' @56  NULL (0)
 - private transient 'packageName' 'Ljava/lang/String;' @60  "org.lwjgl.opengl"{0x000000071052b038} (e20a5607)
 - private final 'componentType' 'Ljava/lang/Class;' @64  NULL (0)
 - private volatile transient 'reflectionData' 'Ljava/lang/ref/SoftReference;' @68  NULL (0)
 - private volatile transient 'genericInfo' 'Lsun/reflect/generics/repository/ClassRepository;' @72  NULL (0)
 - private volatile transient 'enumConstants' '[Ljava/lang/Object;' @76  NULL (0)
 - private volatile transient 'enumConstantDirectory' 'Ljava/util/Map;' @80  NULL (0)
 - private volatile transient 'annotationData' 'Ljava/lang/Class$AnnotationData;' @84  NULL (0)
 - private volatile transient 'annotationType' 'Lsun/reflect/annotation/AnnotationType;' @88  NULL (0)
 - transient 'classValueMap' 'Ljava/lang/ClassValue$ClassValueMap;' @92  NULL (0)
 - abstract internal 'protection_domain' 'Ljava/lang/Object;' @96  a 'java/security/ProtectionDomain'{0x0000000710536d40} (e20a6da8)
 - abstract internal 'signers_name' 'Ljava/lang/Object;' @100  NULL (0)
 - abstract internal 'source_file' 'Ljava/lang/Object;' @104  NULL (0)
 - signature: Lorg/lwjgl/opengl/GL11C;
 - ---- static fields (0):
 - public static final 'GL_NEVER' 'I' @112  512 (200)
 - public static final 'GL_LESS' 'I' @116  513 (201)
 - public static final 'GL_EQUAL' 'I' @120  514 (202)
 - public static final 'GL_LEQUAL' 'I' @124  515 (203)
 - public static final 'GL_GREATER' 'I' @128  516 (204)
 - public static final 'GL_NOTEQUAL' 'I' @132  517 (205)
 - public static final 'GL_GEQUAL' 'I' @136  518 (206)
 - public static final 'GL_ALWAYS' 'I' @140  519 (207)
 - public static final 'GL_DEPTH_BUFFER_BIT' 'I' @144  256 (100)
 - public static final 'GL_STENCIL_BUFFER_BIT' 'I' @148  1024 (400)
 - public static final 'GL_COLOR_BUFFER_BIT' 'I' @152  16384 (4000)
 - public static final 'GL_POINTS' 'I' @156  0
 - public static final 'GL_LINES' 'I' @160  1
 - public static final 'GL_LINE_LOOP' 'I' @164  2
 - public static final 'GL_LINE_STRIP' 'I' @168  3
 - public static final 'GL_TRIANGLES' 'I' @172  4
 - public static final 'GL_TRIANGLE_STRIP' 'I' @176  5
 - public static final 'GL_TRIANGLE_FAN' 'I' @180  6
 - public static final 'GL_QUADS' 'I' @184  7
 - public static final 'GL_ZERO' 'I' @188  0
 - public static final 'GL_ONE' 'I' @192  1
 - public static final 'GL_SRC_COLOR' 'I' @196  768 (300)
 - public static final 'GL_ONE_MINUS_SRC_COLOR' 'I' @200  769 (301)
 - public static final 'GL_SRC_ALPHA' 'I' @204  770 (302)
 - public static final 'GL_ONE_MINUS_SRC_ALPHA' 'I' @208  771 (303)
 - public static final 'GL_DST_ALPHA' 'I' @212  772 (304)
 - public static final 'GL_ONE_MINUS_DST_ALPHA' 'I' @216  773 (305)
 - public static final 'GL_DST_COLOR' 'I' @220  774 (306)
 - public static final 'GL_ONE_MINUS_DST_COLOR' 'I' @224  775 (307)
 - public static final 'GL_SRC_ALPHA_SATURATE' 'I' @228  776 (308)
 - public static final 'GL_TRUE' 'I' @232  1
 - public static final 'GL_FALSE' 'I' @236  0
 - public static final 'GL_BYTE' 'I' @240  5120 (1400)
 - public static final 'GL_UNSIGNED_BYTE' 'I' @244  5121 (1401)
 - public static final 'GL_SHORT' 'I' @248  5122 (1402)
 - public static final 'GL_UNSIGNED_SHORT' 'I' @252  5123 (1403)
 - public static final 'GL_INT' 'I' @256  5124 (1404)
 - public static final 'GL_UNSIGNED_INT' 'I' @260  5125 (1405)
 - public static final 'GL_FLOAT' 'I' @264  5126 (1406)
 - public static final 'GL_DOUBLE' 'I' @268  5130 (140a)
 - public static final 'GL_NONE' 'I' @272  0
 - public static final 'GL_FRONT_LEFT' 'I' @276  1024 (400)
 - public static final 'GL_FRONT_RIGHT' 'I' @280  1025 (401)
 - public static final 'GL_BACK_LEFT' 'I' @284  1026 (402)
 - public static final 'GL_BACK_RIGHT' 'I' @288  1027 (403)
 - public static final 'GL_FRONT' 'I' @292  1028 (404)
 - public static final 'GL_BACK' 'I' @296  1029 (405)
 - public static final 'GL_LEFT' 'I' @300  1030 (406)
 - public static final 'GL_RIGHT' 'I' @304  1031 (407)
 - public static final 'GL_FRONT_AND_BACK' 'I' @308  1032 (408)
 - public static final 'GL_NO_ERROR' 'I' @312  0
 - public static final 'GL_INVALID_ENUM' 'I' @316  1280 (500)
 - public static final 'GL_INVALID_VALUE' 'I' @320  1281 (501)
 - public static final 'GL_INVALID_OPERATION' 'I' @324  1282 (502)
 - public static final 'GL_STACK_OVERFLOW' 'I' @328  1283 (503)
 - public static final 'GL_STACK_UNDERFLOW' 'I' @332  1284 (504)
 - public static final 'GL_OUT_OF_MEMORY' 'I' @336  1285 (505)
 - public static final 'GL_CW' 'I' @340  2304 (900)
 - public static final 'GL_CCW' 'I' @344  2305 (901)
 - public static final 'GL_POINT_SIZE' 'I' @348  2833 (b11)
 - public static final 'GL_POINT_SIZE_RANGE' 'I' @352  2834 (b12)
 - public static final 'GL_POINT_SIZE_GRANULARITY' 'I' @356  2835 (b13)
 - public static final 'GL_LINE_SMOOTH' 'I' @360  2848 (b20)
 - public static final 'GL_LINE_WIDTH' 'I' @364  2849 (b21)
 - public static final 'GL_LINE_WIDTH_RANGE' 'I' @368  2850 (b22)
 - public static final 'GL_LINE_WIDTH_GRANULARITY' 'I' @372  2851 (b23)
 - public static final 'GL_POLYGON_MODE' 'I' @376  2880 (b40)
 - public static final 'GL_POLYGON_SMOOTH' 'I' @380  2881 (b41)
 - public static final 'GL_CULL_FACE' 'I' @384  2884 (b44)
 - public static final 'GL_CULL_FACE_MODE' 'I' @388  2885 (b45)
 - public static final 'GL_FRONT_FACE' 'I' @392  2886 (b46)
 - public static final 'GL_DEPTH_RANGE' 'I' @396  2928 (b70)
 - public static final 'GL_DEPTH_TEST' 'I' @400  2929 (b71)
 - public static final 'GL_DEPTH_WRITEMASK' 'I' @404  2930 (b72)
 - public static final 'GL_DEPTH_CLEAR_VALUE' 'I' @408  2931 (b73)
 - public static final 'GL_DEPTH_FUNC' 'I' @412  2932 (b74)
 - public static final 'GL_STENCIL_TEST' 'I' @416  2960 (b90)
 - public static final 'GL_STENCIL_CLEAR_VALUE' 'I' @420  2961 (b91)
 - public static final 'GL_STENCIL_FUNC' 'I' @424  2962 (b92)
 - public static final 'GL_STENCIL_VALUE_MASK' 'I' @428  2963 (b93)
 - public static final 'GL_STENCIL_FAIL' 'I' @432  2964 (b94)
 - public static final 'GL_STENCIL_PASS_DEPTH_FAIL' 'I' @436  2965 (b95)
 - public static final 'GL_STENCIL_PASS_DEPTH_PASS' 'I' @440  2966 (b96)
 - public static final 'GL_STENCIL_REF' 'I' @444  2967 (b97)
 - public static final 'GL_STENCIL_WRITEMASK' 'I' @448  2968 (b98)
 - public static final 'GL_VIEWPORT' 'I' @452  2978 (ba2)
 - public static final 'GL_DITHER' 'I' @456  3024 (bd0)
 - public static final 'GL_BLEND_DST' 'I' @460  3040 (be0)
 - public static final 'GL_BLEND_SRC' 'I' @464  3041 (be1)
 - public static final 'GL_BLEND' 'I' @468  3042 (be2)
 - public static final 'GL_LOGIC_OP_MODE' 'I' @472  3056 (bf0)
 - public static final 'GL_COLOR_LOGIC_OP' 'I' @476  3058 (bf2)
 - public static final 'GL_DRAW_BUFFER' 'I' @480  3073 (c01)
 - public static final 'GL_READ_BUFFER' 'I' @484  3074 (c02)
 - public static final 'GL_SCISSOR_BOX' 'I' @488  3088 (c10)
 - public static final 'GL_SCISSOR_TEST' 'I' @492  3089 (c11)
 - public static final 'GL_COLOR_CLEAR_VALUE' 'I' @496  3106 (c22)
 - public static final 'GL_COLOR_WRITEMASK' 'I' @500  3107 (c23)
 - public static final 'GL_DOUBLEBUFFER' 'I' @504  3122 (c32)
 - public static final 'GL_STEREO' 'I' @508  3123 (c33)
 - public static final 'GL_LINE_SMOOTH_HINT' 'I' @512  3154 (c52)
 - public static final 'GL_POLYGON_SMOOTH_HINT' 'I' @516  3155 (c53)
 - public static final 'GL_UNPACK_SWAP_BYTES' 'I' @520  3312 (cf0)
 - public static final 'GL_UNPACK_LSB_FIRST' 'I' @524  3313 (cf1)
 - public static final 'GL_UNPACK_ROW_LENGTH' 'I' @528  3314 (cf2)
 - public static final 'GL_UNPACK_SKIP_ROWS' 'I' @532  3315 (cf3)
 - public static final 'GL_UNPACK_SKIP_PIXELS' 'I' @536  3316 (cf4)
 - public static final 'GL_UNPACK_ALIGNMENT' 'I' @540  3317 (cf5)
 - public static final 'GL_PACK_SWAP_BYTES' 'I' @544  3328 (d00)
 - public static final 'GL_PACK_LSB_FIRST' 'I' @548  3329 (d01)
 - public static final 'GL_PACK_ROW_LENGTH' 'I' @552  3330 (d02)
 - public static final 'GL_PACK_SKIP_ROWS' 'I' @556  3331 (d03)
 - public static final 'GL_PACK_SKIP_PIXELS' 'I' @560  3332 (d04)
 - public static final 'GL_PACK_ALIGNMENT' 'I' @564  3333 (d05)
 - public static final 'GL_MAX_TEXTURE_SIZE' 'I' @568  3379 (d33)
 - public static final 'GL_MAX_VIEWPORT_DIMS' 'I' @572  3386 (d3a)
 - public static final 'GL_SUBPIXEL_BITS' 'I' @576  3408 (d50)
 - public static final 'GL_TEXTURE_1D' 'I' @580  3552 (de0)
 - public static final 'GL_TEXTURE_2D' 'I' @584  3553 (de1)
 - public static final 'GL_TEXTURE_WIDTH' 'I' @588  4096 (1000)
 - public static final 'GL_TEXTURE_HEIGHT' 'I' @592  4097 (1001)
 - public static final 'GL_TEXTURE_INTERNAL_FORMAT' 'I' @596  4099 (1003)
 - public static final 'GL_TEXTURE_BORDER_COLOR' 'I' @600  4100 (1004)
 - public static final 'GL_DONT_CARE' 'I' @604  4352 (1100)
 - public static final 'GL_FASTEST' 'I' @608  4353 (1101)
 - public static final 'GL_NICEST' 'I' @612  4354 (1102)
 - public static final 'GL_CLEAR' 'I' @616  5376 (1500)
 - public static final 'GL_AND' 'I' @620  5377 (1501)
 - public static final 'GL_AND_REVERSE' 'I' @624  5378 (1502)
 - public static final 'GL_COPY' 'I' @628  5379 (1503)
 - public static final 'GL_AND_INVERTED' 'I' @632  5380 (1504)
 - public static final 'GL_NOOP' 'I' @636  5381 (1505)
 - public static final 'GL_XOR' 'I' @640  5382 (1506)
 - public static final 'GL_OR' 'I' @644  5383 (1507)
 - public static final 'GL_NOR' 'I' @648  5384 (1508)
 - public static final 'GL_EQUIV' 'I' @652  5385 (1509)
 - public static final 'GL_INVERT' 'I' @656  5386 (150a)
 - public static final 'GL_OR_REVERSE' 'I' @660  5387 (150b)
 - public static final 'GL_COPY_INVERTED' 'I' @664  5388 (150c)
 - public static final 'GL_OR_INVERTED' 'I' @668  5389 (150d)
 - public static final 'GL_NAND' 'I' @672  5390 (150e)
 - public static final 'GL_SET' 'I' @676  5391 (150f)
 - public static final 'GL_TEXTURE' 'I' @680  5890 (1702)
 - public static final 'GL_COLOR' 'I' @684  6144 (1800)
 - public static final 'GL_DEPTH' 'I' @688  6145 (1801)
 - public static final 'GL_STENCIL' 'I' @692  6146 (1802)
 - public static final 'GL_STENCIL_INDEX' 'I' @696  6401 (1901)
 - public static final 'GL_DEPTH_COMPONENT' 'I' @700  6402 (1902)
 - public static final 'GL_RED' 'I' @704  6403 (1903)
 - public static final 'GL_GREEN' 'I' @708  6404 (1904)
 - public static final 'GL_BLUE' 'I' @712  6405 (1905)
 - public static final 'GL_ALPHA' 'I' @716  6406 (1906)
 - public static final 'GL_RGB' 'I' @720  6407 (1907)
 - public static final 'GL_RGBA' 'I' @724  6408 (1908)
 - public static final 'GL_POINT' 'I' @728  6912 (1b00)
 - public static final 'GL_LINE' 'I' @732  6913 (1b01)
 - public static final 'GL_FILL' 'I' @736  6914 (1b02)
 - public static final 'GL_KEEP' 'I' @740  7680 (1e00)
 - public static final 'GL_REPLACE' 'I' @744  7681 (1e01)
 - public static final 'GL_INCR' 'I' @748  7682 (1e02)
 - public static final 'GL_DECR' 'I' @752  7683 (1e03)
 - public static final 'GL_VENDOR' 'I' @756  7936 (1f00)
 - public static final 'GL_RENDERER' 'I' @760  7937 (1f01)
 - public static final 'GL_VERSION' 'I' @764  7938 (1f02)
 - public static final 'GL_EXTENSIONS' 'I' @768  7939 (1f03)
 - public static final 'GL_NEAREST' 'I' @772  9728 (2600)
 - public static final 'GL_LINEAR' 'I' @776  9729 (2601)
 - public static final 'GL_NEAREST_MIPMAP_NEAREST' 'I' @780  9984 (2700)
 - public static final 'GL_LINEAR_MIPMAP_NEAREST' 'I' @784  9985 (2701)
 - public static final 'GL_NEAREST_MIPMAP_LINEAR' 'I' @788  9986 (2702)
 - public static final 'GL_LINEAR_MIPMAP_LINEAR' 'I' @792  9987 (2703)
 - public static final 'GL_TEXTURE_MAG_FILTER' 'I' @796  10240 (2800)
 - public static final 'GL_TEXTURE_MIN_FILTER' 'I' @800  10241 (2801)
 - public static final 'GL_TEXTURE_WRAP_S' 'I' @804  10242 (2802)
 - public static final 'GL_TEXTURE_WRAP_T' 'I' @808  10243 (2803)
 - public static final 'GL_REPEAT' 'I' @812  10497 (2901)
 - public static final 'GL_POLYGON_OFFSET_FACTOR' 'I' @816  32824 (8038)
 - public static final 'GL_POLYGON_OFFSET_UNITS' 'I' @820  10752 (2a00)
 - public static final 'GL_POLYGON_OFFSET_POINT' 'I' @824  10753 (2a01)
 - public static final 'GL_POLYGON_OFFSET_LINE' 'I' @828  10754 (2a02)
 - public static final 'GL_POLYGON_OFFSET_FILL' 'I' @832  32823 (8037)
 - public static final 'GL_R3_G3_B2' 'I' @836  10768 (2a10)
 - public static final 'GL_RGB4' 'I' @840  32847 (804f)
 - public static final 'GL_RGB5' 'I' @844  32848 (8050)
 - public static final 'GL_RGB8' 'I' @848  32849 (8051)
 - public static final 'GL_RGB10' 'I' @852  32850 (8052)
 - public static final 'GL_RGB12' 'I' @856  32851 (8053)
 - public static final 'GL_RGB16' 'I' @860  32852 (8054)
 - public static final 'GL_RGBA2' 'I' @864  32853 (8055)
 - public static final 'GL_RGBA4' 'I' @868  32854 (8056)
 - public static final 'GL_RGB5_A1' 'I' @872  32855 (8057)
 - public static final 'GL_RGBA8' 'I' @876  32856 (8058)
 - public static final 'GL_RGB10_A2' 'I' @880  32857 (8059)
 - public static final 'GL_RGBA12' 'I' @884  32858 (805a)
 - public static final 'GL_RGBA16' 'I' @888  32859 (805b)
 - public static final 'GL_TEXTURE_RED_SIZE' 'I' @892  32860 (805c)
 - public static final 'GL_TEXTURE_GREEN_SIZE' 'I' @896  32861 (805d)
 - public static final 'GL_TEXTURE_BLUE_SIZE' 'I' @900  32862 (805e)
 - public static final 'GL_TEXTURE_ALPHA_SIZE' 'I' @904  32863 (805f)
 - public static final 'GL_PROXY_TEXTURE_1D' 'I' @908  32867 (8063)
 - public static final 'GL_PROXY_TEXTURE_2D' 'I' @912  32868 (8064)
 - public static final 'GL_TEXTURE_BINDING_1D' 'I' @916  32872 (8068)
 - public static final 'GL_TEXTURE_BINDING_2D' 'I' @920  32873 (8069)
 - public static final 'GL_VERTEX_ARRAY' 'I' @924  32884 (8074)
R12=0x0 is NULL
R13={method} {0x000002b9db542c90} 'nglGenTextures' '(IJ)V' in 'org/lwjgl/opengl/GL11C'
R14=0x000000e45d9ff148 is pointing into the stack for thread: 0x000002b9b86cf5a0
R15=0x000002b9b86cf5a0 is a thread


Registers:
RAX=0x000002b9df26ebc0, RBX=0x000002b9db542c88, RCX=0x0000000000000001, RDX=0x000002b9df36046c
RSP=0x000000e45d9ff088, RBP=0x000000e45d9ff118, RSI=0x000002b9db148a70, RDI=0x000002b9c00195cd
R8 =0x0000000000000001, R9 =0x000002b9df36046c, R10=0x0000000000000000, R11=0x00000007105d0bf8
R12=0x0000000000000000, R13=0x000002b9db542c88, R14=0x000000e45d9ff148, R15=0x000002b9b86cf5a0
RIP=0x00007ffae535c64d, EFLAGS=0x0000000000010202

Top of Stack: (sp=0x000000e45d9ff088)
0x000000e45d9ff088:   000002b9c001d621 000002b9c00195cd
0x000000e45d9ff098:   000002b9c001d33c 000002b9db542c88
0x000000e45d9ff0a8:   000002b9db148a70 000000e45d9ff0c8
0x000000e45d9ff0b8:   000000e45d9ff130 000002b9c00195cd
0x000000e45d9ff0c8:   000002b9c001d2f6 000000e45d9ff0d0
0x000000e45d9ff0d8:   000002b9db542c88 000000e45d9ff148
0x000000e45d9ff0e8:   000002b9db54efd8 0000000000000000
0x000000e45d9ff0f8:   00000007105d0bf8 000002b9db542c88
0x000000e45d9ff108:   0000000000000000 000000e45d9ff138
0x000000e45d9ff118:   000000e45d9ff198 000002b9c00194fe
0x000000e45d9ff128:   00000007105d0bf8 000002b9c001af78
0x000000e45d9ff138:   000002b9df36046c 0000000000000000
0x000000e45d9ff148:   0000000000000001 000000e45d9ff150
0x000000e45d9ff158:   000002b9db542dfc 000000e45d9ff1c8
0x000000e45d9ff168:   000002b9db54efd8 0000000000000000
0x000000e45d9ff178:   00000007105d0bf8 000002b9db542e68 

Instructions: (pc=0x00007ffae535c64d)
0x00007ffae535c54d:   cc cc cc 48 8b 01 41 0f b6 c8 48 8b 50 18 48 ff
0x00007ffae535c55d:   a2 d0 01 00 00 cc cc cc cc cc cc cc cc cc cc cc
0x00007ffae535c56d:   cc cc cc 48 8b 01 0f 28 cb 0f 28 c2 48 8b 48 18
0x00007ffae535c57d:   48 ff a1 d8 01 00 00 cc cc cc cc cc cc cc cc cc
0x00007ffae535c58d:   cc cc cc 48 8b 01 45 8b d8 44 8b 44 24 28 41 8b
0x00007ffae535c59d:   d1 41 8b cb 4c 8b 50 18 49 ff a2 e8 01 00 00 cc
0x00007ffae535c5ad:   cc cc cc 48 8b 01 41 8b c8 48 8b 50 18 48 ff a2
0x00007ffae535c5bd:   f0 01 00 00 cc cc cc cc cc cc cc cc cc cc cc cc
0x00007ffae535c5cd:   cc cc cc 40 53 48 8b 01 41 8b d8 44 8b 44 24 30
0x00007ffae535c5dd:   41 8b d1 4c 8b 4c 24 38 8b cb 4c 8b 50 18 5b 49
0x00007ffae535c5ed:   ff a2 f8 01 00 00 cc cc cc cc cc cc cc cc cc cc
0x00007ffae535c5fd:   cc cc cc 48 8b 01 48 8b 48 18 48 ff a1 98 02 00
0x00007ffae535c60d:   00 cc cc 48 8b 01 48 8b 48 18 48 ff a1 a0 02 00
0x00007ffae535c61d:   00 cc cc 48 8b 01 41 8b c8 48 8b 50 18 48 ff a2
0x00007ffae535c62d:   c8 02 00 00 cc cc cc cc cc cc cc cc cc cc cc cc
0x00007ffae535c63d:   cc cc cc 48 8b 01 49 8b d1 41 8b c8 4c 8b 50 18
0x00007ffae535c64d:   49 ff a2 d8 02 00 00 cc cc cc cc cc cc cc cc cc
0x00007ffae535c65d:   cc cc cc 48 8b 01 49 8b d1 41 8b c8 4c 8b 50 18
0x00007ffae535c66d:   49 ff a2 e0 02 00 00 cc cc cc cc cc cc cc cc cc
0x00007ffae535c67d:   cc cc cc 48 8b 01 49 8b d1 41 8b c8 4c 8b 50 18
0x00007ffae535c68d:   49 ff a2 f0 02 00 00 cc cc cc cc cc cc cc cc cc
0x00007ffae535c69d:   cc cc cc 48 8b 01 49 8b d1 41 8b c8 4c 8b 50 18
0x00007ffae535c6ad:   49 ff a2 f8 02 00 00 cc cc cc cc cc cc cc cc cc
0x00007ffae535c6bd:   cc cc cc 48 8b 01 49 8b d1 41 8b c8 4c 8b 50 18
0x00007ffae535c6cd:   49 ff a2 00 03 00 00 cc cc cc cc cc cc cc cc cc
0x00007ffae535c6dd:   cc cc cc 48 8b 01 49 8b d1 41 8b c8 4c 8b 50 18
0x00007ffae535c6ed:   49 ff a2 08 03 00 00 cc cc cc cc cc cc cc cc cc
0x00007ffae535c6fd:   cc cc cc 48 8b 01 48 8b 48 18 48 8b 81 10 03 00
0x00007ffae535c70d:   00 48 ff e0 cc cc cc cc cc cc cc cc cc cc cc cc
0x00007ffae535c71d:   cc cc cc 48 8b 01 49 8b d1 41 8b c8 4c 8b 50 18
0x00007ffae535c72d:   49 ff a2 68 03 00 00 cc cc cc cc cc cc cc cc cc
0x00007ffae535c73d:   cc cc cc 48 8b 01 48 8b 48 18 48 8b 81 78 03 00 


Stack slot to memory mapping:
stack at sp + 0 slots: 0x000002b9c001d621 is at code_begin+993 in an Interpreter codelet
method entry point (kind = native)  [0x000002b9c001d240, 0x000002b9c001dbc0]  2432 bytes
stack at sp + 1 slots: 0x000002b9c00195cd is at code_begin+1325 in an Interpreter codelet
return entry points  [0x000002b9c00190a0, 0x000002b9c0019ba0]  2816 bytes
stack at sp + 2 slots: 0x000002b9c001d33c is at code_begin+252 in an Interpreter codelet
method entry point (kind = native)  [0x000002b9c001d240, 0x000002b9c001dbc0]  2432 bytes
stack at sp + 3 slots: {method} {0x000002b9db542c90} 'nglGenTextures' '(IJ)V' in 'org/lwjgl/opengl/GL11C'
stack at sp + 4 slots: 0x000002b9db148a70 is pointing into metadata
stack at sp + 5 slots: 0x000000e45d9ff0c8 is pointing into the stack for thread: 0x000002b9b86cf5a0
stack at sp + 6 slots: 0x000000e45d9ff130 is pointing into the stack for thread: 0x000002b9b86cf5a0
stack at sp + 7 slots: 0x000002b9c00195cd is at code_begin+1325 in an Interpreter codelet
return entry points  [0x000002b9c00190a0, 0x000002b9c0019ba0]  2816 bytes


---------------  P R O C E S S  ---------------

Threads class SMR info:
_java_thread_list=0x000002b9df0ed7f0, length=13, elements={
0x000002b9b86cf5a0, 0x000002b9dac4ef40, 0x000002b9dac4fba0, 0x000002b9dac6a0e0,
0x000002b9dac6a990, 0x000002b9dac6b330, 0x000002b9dac6fe70, 0x000002b9dac723d0,
0x000002b9dac7dcf0, 0x000002b9dac7e5e0, 0x000002b9dad0eaa0, 0x000002b9df159e00,
0x000002b9df1453d0
}

Java Threads: ( => current thread )
=>0x000002b9b86cf5a0 JavaThread "main" [_thread_in_native, id=1124, stack(0x000000e45d900000,0x000000e45da00000)]
  0x000002b9dac4ef40 JavaThread "Reference Handler" daemon [_thread_blocked, id=1436, stack(0x000000e45e000000,0x000000e45e100000)]
  0x000002b9dac4fba0 JavaThread "Finalizer" daemon [_thread_blocked, id=6644, stack(0x000000e45e100000,0x000000e45e200000)]
  0x000002b9dac6a0e0 JavaThread "Signal Dispatcher" daemon [_thread_blocked, id=19096, stack(0x000000e45e200000,0x000000e45e300000)]
  0x000002b9dac6a990 JavaThread "Attach Listener" daemon [_thread_blocked, id=12116, stack(0x000000e45e300000,0x000000e45e400000)]
  0x000002b9dac6b330 JavaThread "Service Thread" daemon [_thread_blocked, id=1464, stack(0x000000e45e400000,0x000000e45e500000)]
  0x000002b9dac6fe70 JavaThread "Monitor Deflation Thread" daemon [_thread_blocked, id=11088, stack(0x000000e45e500000,0x000000e45e600000)]
  0x000002b9dac723d0 JavaThread "C2 CompilerThread0" daemon [_thread_blocked, id=9852, stack(0x000000e45e600000,0x000000e45e700000)]
  0x000002b9dac7dcf0 JavaThread "C1 CompilerThread0" daemon [_thread_blocked, id=11724, stack(0x000000e45e700000,0x000000e45e800000)]
  0x000002b9dac7e5e0 JavaThread "Sweeper thread" daemon [_thread_blocked, id=16468, stack(0x000000e45e800000,0x000000e45e900000)]
  0x000002b9dad0eaa0 JavaThread "Common-Cleaner" daemon [_thread_blocked, id=13532, stack(0x000000e45e900000,0x000000e45ea00000)]
  0x000002b9df159e00 JavaThread "Monitor Ctrl-Break" daemon [_thread_in_native, id=13592, stack(0x000000e45ea00000,0x000000e45eb00000)]
  0x000002b9df1453d0 JavaThread "Notification Thread" daemon [_thread_blocked, id=11768, stack(0x000000e45eb00000,0x000000e45ec00000)]

Other Threads:
  0x000002b9b8760d40 VMThread "VM Thread" [stack: 0x000000e45df00000,0x000000e45e000000] [id=15268]
  0x000002b9df1693d0 WatcherThread "VM Periodic Task Thread" [stack: 0x000000e45ec00000,0x000000e45ed00000] [id=12932]
  0x000002b9b873f490 WorkerThread "GC Thread#0" [stack: 0x000000e45da00000,0x000000e45db00000] [id=18140]
  0x000002b9b8751320 ConcurrentGCThread "G1 Main Marker" [stack: 0x000000e45db00000,0x000000e45dc00000] [id=10484]
  0x000002b9b87524b0 WorkerThread "G1 Conc#0" [stack: 0x000000e45dc00000,0x000000e45dd00000] [id=15076]
  0x000002b9b8792b40 ConcurrentGCThread "G1 Refine#0" [stack: 0x000000e45dd00000,0x000000e45de00000] [id=14856]
  0x000002b9b8793450 ConcurrentGCThread "G1 Service" [stack: 0x000000e45de00000,0x000000e45df00000] [id=12364]

Threads with active compile tasks:

VM state: not at safepoint (normal execution)

VM Mutex/Monitor currently owned by a thread: None

Heap address: 0x0000000700a00000, size: 4086 MB, Compressed Oops mode: Zero based, Oop shift amount: 3

CDS archive(s) mapped at: [0x0000000800000000-0x0000000800ba0000-0x0000000800ba0000), size 12189696, SharedBaseAddress: 0x0000000800000000, ArchiveRelocationMode: 0.
Compressed class space mapped at: 0x0000000800c00000-0x0000000840c00000, reserved size: 1073741824
Narrow klass base: 0x0000000800000000, Narrow klass shift: 0, Narrow klass range: 0x100000000

GC Precious Log:
 CardTable entry size: 512
 Card Set container configuration: InlinePtr #cards 4 size 8 Array Of Cards #cards 16 size 48 Howl #buckets 8 coarsen threshold 3686 Howl Bitmap #cards 512 size 80 coarsen threshold 460 Card regions per heap region 1 cards per card region 4096
 CPUs: 4 total, 4 available
 Memory: 16342M
 Large Page Support: Disabled
 NUMA Support: Disabled
 Compressed Oops: Enabled (Zero based)
 Heap Region Size: 2M
 Heap Min Capacity: 8M
 Heap Initial Capacity: 256M
 Heap Max Capacity: 4086M
 Pre-touch: Disabled
 Parallel Workers: 4
 Concurrent Workers: 1
 Concurrent Refinement Workers: 4
 Periodic GC: Disabled

Heap:
 garbage-first heap   total 262144K, used 4096K [0x0000000700a00000, 0x0000000800000000)
  region size 2048K, 3 young (6144K), 0 survivors (0K)
 Metaspace       used 2841K, committed 3008K, reserved 1114112K
  class space    used 189K, committed 256K, reserved 1048576K

Heap Regions: E=young(eden), S=young(survivor), O=old, HS=humongous(starts), HC=humongous(continues), CS=collection set, F=free, OA=open archive, CA=closed archive, TAMS=top-at-mark-start (previous, next)
|   0|0x0000000700a00000, 0x0000000700a00000, 0x0000000700c00000|  0%| F|  |TAMS 0x0000000700a00000, 0x0000000700a00000| Untracked 
|   1|0x0000000700c00000, 0x0000000700c00000, 0x0000000700e00000|  0%| F|  |TAMS 0x0000000700c00000, 0x0000000700c00000| Untracked 
|   2|0x0000000700e00000, 0x0000000700e00000, 0x0000000701000000|  0%| F|  |TAMS 0x0000000700e00000, 0x0000000700e00000| Untracked 
|   3|0x0000000701000000, 0x0000000701000000, 0x0000000701200000|  0%| F|  |TAMS 0x0000000701000000, 0x0000000701000000| Untracked 
|   4|0x0000000701200000, 0x0000000701200000, 0x0000000701400000|  0%| F|  |TAMS 0x0000000701200000, 0x0000000701200000| Untracked 
|   5|0x0000000701400000, 0x0000000701400000, 0x0000000701600000|  0%| F|  |TAMS 0x0000000701400000, 0x0000000701400000| Untracked 
|   6|0x0000000701600000, 0x0000000701600000, 0x0000000701800000|  0%| F|  |TAMS 0x0000000701600000, 0x0000000701600000| Untracked 
|   7|0x0000000701800000, 0x0000000701800000, 0x0000000701a00000|  0%| F|  |TAMS 0x0000000701800000, 0x0000000701800000| Untracked 
|   8|0x0000000701a00000, 0x0000000701a00000, 0x0000000701c00000|  0%| F|  |TAMS 0x0000000701a00000, 0x0000000701a00000| Untracked 
|   9|0x0000000701c00000, 0x0000000701c00000, 0x0000000701e00000|  0%| F|  |TAMS 0x0000000701c00000, 0x0000000701c00000| Untracked 
|  10|0x0000000701e00000, 0x0000000701e00000, 0x0000000702000000|  0%| F|  |TAMS 0x0000000701e00000, 0x0000000701e00000| Untracked 
|  11|0x0000000702000000, 0x0000000702000000, 0x0000000702200000|  0%| F|  |TAMS 0x0000000702000000, 0x0000000702000000| Untracked 
|  12|0x0000000702200000, 0x0000000702200000, 0x0000000702400000|  0%| F|  |TAMS 0x0000000702200000, 0x0000000702200000| Untracked 
|  13|0x0000000702400000, 0x0000000702400000, 0x0000000702600000|  0%| F|  |TAMS 0x0000000702400000, 0x0000000702400000| Untracked 
|  14|0x0000000702600000, 0x0000000702600000, 0x0000000702800000|  0%| F|  |TAMS 0x0000000702600000, 0x0000000702600000| Untracked 
|  15|0x0000000702800000, 0x0000000702800000, 0x0000000702a00000|  0%| F|  |TAMS 0x0000000702800000, 0x0000000702800000| Untracked 
|  16|0x0000000702a00000, 0x0000000702a00000, 0x0000000702c00000|  0%| F|  |TAMS 0x0000000702a00000, 0x0000000702a00000| Untracked 
|  17|0x0000000702c00000, 0x0000000702c00000, 0x0000000702e00000|  0%| F|  |TAMS 0x0000000702c00000, 0x0000000702c00000| Untracked 
|  18|0x0000000702e00000, 0x0000000702e00000, 0x0000000703000000|  0%| F|  |TAMS 0x0000000702e00000, 0x0000000702e00000| Untracked 
|  19|0x0000000703000000, 0x0000000703000000, 0x0000000703200000|  0%| F|  |TAMS 0x0000000703000000, 0x0000000703000000| Untracked 
|  20|0x0000000703200000, 0x0000000703200000, 0x0000000703400000|  0%| F|  |TAMS 0x0000000703200000, 0x0000000703200000| Untracked 
|  21|0x0000000703400000, 0x0000000703400000, 0x0000000703600000|  0%| F|  |TAMS 0x0000000703400000, 0x0000000703400000| Untracked 
|  22|0x0000000703600000, 0x0000000703600000, 0x0000000703800000|  0%| F|  |TAMS 0x0000000703600000, 0x0000000703600000| Untracked 
|  23|0x0000000703800000, 0x0000000703800000, 0x0000000703a00000|  0%| F|  |TAMS 0x0000000703800000, 0x0000000703800000| Untracked 
|  24|0x0000000703a00000, 0x0000000703a00000, 0x0000000703c00000|  0%| F|  |TAMS 0x0000000703a00000, 0x0000000703a00000| Untracked 
|  25|0x0000000703c00000, 0x0000000703c00000, 0x0000000703e00000|  0%| F|  |TAMS 0x0000000703c00000, 0x0000000703c00000| Untracked 
|  26|0x0000000703e00000, 0x0000000703e00000, 0x0000000704000000|  0%| F|  |TAMS 0x0000000703e00000, 0x0000000703e00000| Untracked 
|  27|0x0000000704000000, 0x0000000704000000, 0x0000000704200000|  0%| F|  |TAMS 0x0000000704000000, 0x0000000704000000| Untracked 
|  28|0x0000000704200000, 0x0000000704200000, 0x0000000704400000|  0%| F|  |TAMS 0x0000000704200000, 0x0000000704200000| Untracked 
|  29|0x0000000704400000, 0x0000000704400000, 0x0000000704600000|  0%| F|  |TAMS 0x0000000704400000, 0x0000000704400000| Untracked 
|  30|0x0000000704600000, 0x0000000704600000, 0x0000000704800000|  0%| F|  |TAMS 0x0000000704600000, 0x0000000704600000| Untracked 
|  31|0x0000000704800000, 0x0000000704800000, 0x0000000704a00000|  0%| F|  |TAMS 0x0000000704800000, 0x0000000704800000| Untracked 
|  32|0x0000000704a00000, 0x0000000704a00000, 0x0000000704c00000|  0%| F|  |TAMS 0x0000000704a00000, 0x0000000704a00000| Untracked 
|  33|0x0000000704c00000, 0x0000000704c00000, 0x0000000704e00000|  0%| F|  |TAMS 0x0000000704c00000, 0x0000000704c00000| Untracked 
|  34|0x0000000704e00000, 0x0000000704e00000, 0x0000000705000000|  0%| F|  |TAMS 0x0000000704e00000, 0x0000000704e00000| Untracked 
|  35|0x0000000705000000, 0x0000000705000000, 0x0000000705200000|  0%| F|  |TAMS 0x0000000705000000, 0x0000000705000000| Untracked 
|  36|0x0000000705200000, 0x0000000705200000, 0x0000000705400000|  0%| F|  |TAMS 0x0000000705200000, 0x0000000705200000| Untracked 
|  37|0x0000000705400000, 0x0000000705400000, 0x0000000705600000|  0%| F|  |TAMS 0x0000000705400000, 0x0000000705400000| Untracked 
|  38|0x0000000705600000, 0x0000000705600000, 0x0000000705800000|  0%| F|  |TAMS 0x0000000705600000, 0x0000000705600000| Untracked 
|  39|0x0000000705800000, 0x0000000705800000, 0x0000000705a00000|  0%| F|  |TAMS 0x0000000705800000, 0x0000000705800000| Untracked 
|  40|0x0000000705a00000, 0x0000000705a00000, 0x0000000705c00000|  0%| F|  |TAMS 0x0000000705a00000, 0x0000000705a00000| Untracked 
|  41|0x0000000705c00000, 0x0000000705c00000, 0x0000000705e00000|  0%| F|  |TAMS 0x0000000705c00000, 0x0000000705c00000| Untracked 
|  42|0x0000000705e00000, 0x0000000705e00000, 0x0000000706000000|  0%| F|  |TAMS 0x0000000705e00000, 0x0000000705e00000| Untracked 
|  43|0x0000000706000000, 0x0000000706000000, 0x0000000706200000|  0%| F|  |TAMS 0x0000000706000000, 0x0000000706000000| Untracked 
|  44|0x0000000706200000, 0x0000000706200000, 0x0000000706400000|  0%| F|  |TAMS 0x0000000706200000, 0x0000000706200000| Untracked 
|  45|0x0000000706400000, 0x0000000706400000, 0x0000000706600000|  0%| F|  |TAMS 0x0000000706400000, 0x0000000706400000| Untracked 
|  46|0x0000000706600000, 0x0000000706600000, 0x0000000706800000|  0%| F|  |TAMS 0x0000000706600000, 0x0000000706600000| Untracked 
|  47|0x0000000706800000, 0x0000000706800000, 0x0000000706a00000|  0%| F|  |TAMS 0x0000000706800000, 0x0000000706800000| Untracked 
|  48|0x0000000706a00000, 0x0000000706a00000, 0x0000000706c00000|  0%| F|  |TAMS 0x0000000706a00000, 0x0000000706a00000| Untracked 
|  49|0x0000000706c00000, 0x0000000706c00000, 0x0000000706e00000|  0%| F|  |TAMS 0x0000000706c00000, 0x0000000706c00000| Untracked 
|  50|0x0000000706e00000, 0x0000000706e00000, 0x0000000707000000|  0%| F|  |TAMS 0x0000000706e00000, 0x0000000706e00000| Untracked 
|  51|0x0000000707000000, 0x0000000707000000, 0x0000000707200000|  0%| F|  |TAMS 0x0000000707000000, 0x0000000707000000| Untracked 
|  52|0x0000000707200000, 0x0000000707200000, 0x0000000707400000|  0%| F|  |TAMS 0x0000000707200000, 0x0000000707200000| Untracked 
|  53|0x0000000707400000, 0x0000000707400000, 0x0000000707600000|  0%| F|  |TAMS 0x0000000707400000, 0x0000000707400000| Untracked 
|  54|0x0000000707600000, 0x0000000707600000, 0x0000000707800000|  0%| F|  |TAMS 0x0000000707600000, 0x0000000707600000| Untracked 
|  55|0x0000000707800000, 0x0000000707800000, 0x0000000707a00000|  0%| F|  |TAMS 0x0000000707800000, 0x0000000707800000| Untracked 
|  56|0x0000000707a00000, 0x0000000707a00000, 0x0000000707c00000|  0%| F|  |TAMS 0x0000000707a00000, 0x0000000707a00000| Untracked 
|  57|0x0000000707c00000, 0x0000000707c00000, 0x0000000707e00000|  0%| F|  |TAMS 0x0000000707c00000, 0x0000000707c00000| Untracked 
|  58|0x0000000707e00000, 0x0000000707e00000, 0x0000000708000000|  0%| F|  |TAMS 0x0000000707e00000, 0x0000000707e00000| Untracked 
|  59|0x0000000708000000, 0x0000000708000000, 0x0000000708200000|  0%| F|  |TAMS 0x0000000708000000, 0x0000000708000000| Untracked 
|  60|0x0000000708200000, 0x0000000708200000, 0x0000000708400000|  0%| F|  |TAMS 0x0000000708200000, 0x0000000708200000| Untracked 
|  61|0x0000000708400000, 0x0000000708400000, 0x0000000708600000|  0%| F|  |TAMS 0x0000000708400000, 0x0000000708400000| Untracked 
|  62|0x0000000708600000, 0x0000000708600000, 0x0000000708800000|  0%| F|  |TAMS 0x0000000708600000, 0x0000000708600000| Untracked 
|  63|0x0000000708800000, 0x0000000708800000, 0x0000000708a00000|  0%| F|  |TAMS 0x0000000708800000, 0x0000000708800000| Untracked 
|  64|0x0000000708a00000, 0x0000000708a00000, 0x0000000708c00000|  0%| F|  |TAMS 0x0000000708a00000, 0x0000000708a00000| Untracked 
|  65|0x0000000708c00000, 0x0000000708c00000, 0x0000000708e00000|  0%| F|  |TAMS 0x0000000708c00000, 0x0000000708c00000| Untracked 
|  66|0x0000000708e00000, 0x0000000708e00000, 0x0000000709000000|  0%| F|  |TAMS 0x0000000708e00000, 0x0000000708e00000| Untracked 
|  67|0x0000000709000000, 0x0000000709000000, 0x0000000709200000|  0%| F|  |TAMS 0x0000000709000000, 0x0000000709000000| Untracked 
|  68|0x0000000709200000, 0x0000000709200000, 0x0000000709400000|  0%| F|  |TAMS 0x0000000709200000, 0x0000000709200000| Untracked 
|  69|0x0000000709400000, 0x0000000709400000, 0x0000000709600000|  0%| F|  |TAMS 0x0000000709400000, 0x0000000709400000| Untracked 
|  70|0x0000000709600000, 0x0000000709600000, 0x0000000709800000|  0%| F|  |TAMS 0x0000000709600000, 0x0000000709600000| Untracked 
|  71|0x0000000709800000, 0x0000000709800000, 0x0000000709a00000|  0%| F|  |TAMS 0x0000000709800000, 0x0000000709800000| Untracked 
|  72|0x0000000709a00000, 0x0000000709a00000, 0x0000000709c00000|  0%| F|  |TAMS 0x0000000709a00000, 0x0000000709a00000| Untracked 
|  73|0x0000000709c00000, 0x0000000709c00000, 0x0000000709e00000|  0%| F|  |TAMS 0x0000000709c00000, 0x0000000709c00000| Untracked 
|  74|0x0000000709e00000, 0x0000000709e00000, 0x000000070a000000|  0%| F|  |TAMS 0x0000000709e00000, 0x0000000709e00000| Untracked 
|  75|0x000000070a000000, 0x000000070a000000, 0x000000070a200000|  0%| F|  |TAMS 0x000000070a000000, 0x000000070a000000| Untracked 
|  76|0x000000070a200000, 0x000000070a200000, 0x000000070a400000|  0%| F|  |TAMS 0x000000070a200000, 0x000000070a200000| Untracked 
|  77|0x000000070a400000, 0x000000070a400000, 0x000000070a600000|  0%| F|  |TAMS 0x000000070a400000, 0x000000070a400000| Untracked 
|  78|0x000000070a600000, 0x000000070a600000, 0x000000070a800000|  0%| F|  |TAMS 0x000000070a600000, 0x000000070a600000| Untracked 
|  79|0x000000070a800000, 0x000000070a800000, 0x000000070aa00000|  0%| F|  |TAMS 0x000000070a800000, 0x000000070a800000| Untracked 
|  80|0x000000070aa00000, 0x000000070aa00000, 0x000000070ac00000|  0%| F|  |TAMS 0x000000070aa00000, 0x000000070aa00000| Untracked 
|  81|0x000000070ac00000, 0x000000070ac00000, 0x000000070ae00000|  0%| F|  |TAMS 0x000000070ac00000, 0x000000070ac00000| Untracked 
|  82|0x000000070ae00000, 0x000000070ae00000, 0x000000070b000000|  0%| F|  |TAMS 0x000000070ae00000, 0x000000070ae00000| Untracked 
|  83|0x000000070b000000, 0x000000070b000000, 0x000000070b200000|  0%| F|  |TAMS 0x000000070b000000, 0x000000070b000000| Untracked 
|  84|0x000000070b200000, 0x000000070b200000, 0x000000070b400000|  0%| F|  |TAMS 0x000000070b200000, 0x000000070b200000| Untracked 
|  85|0x000000070b400000, 0x000000070b400000, 0x000000070b600000|  0%| F|  |TAMS 0x000000070b400000, 0x000000070b400000| Untracked 
|  86|0x000000070b600000, 0x000000070b600000, 0x000000070b800000|  0%| F|  |TAMS 0x000000070b600000, 0x000000070b600000| Untracked 
|  87|0x000000070b800000, 0x000000070b800000, 0x000000070ba00000|  0%| F|  |TAMS 0x000000070b800000, 0x000000070b800000| Untracked 
|  88|0x000000070ba00000, 0x000000070ba00000, 0x000000070bc00000|  0%| F|  |TAMS 0x000000070ba00000, 0x000000070ba00000| Untracked 
|  89|0x000000070bc00000, 0x000000070bc00000, 0x000000070be00000|  0%| F|  |TAMS 0x000000070bc00000, 0x000000070bc00000| Untracked 
|  90|0x000000070be00000, 0x000000070be00000, 0x000000070c000000|  0%| F|  |TAMS 0x000000070be00000, 0x000000070be00000| Untracked 
|  91|0x000000070c000000, 0x000000070c000000, 0x000000070c200000|  0%| F|  |TAMS 0x000000070c000000, 0x000000070c000000| Untracked 
|  92|0x000000070c200000, 0x000000070c200000, 0x000000070c400000|  0%| F|  |TAMS 0x000000070c200000, 0x000000070c200000| Untracked 
|  93|0x000000070c400000, 0x000000070c400000, 0x000000070c600000|  0%| F|  |TAMS 0x000000070c400000, 0x000000070c400000| Untracked 
|  94|0x000000070c600000, 0x000000070c600000, 0x000000070c800000|  0%| F|  |TAMS 0x000000070c600000, 0x000000070c600000| Untracked 
|  95|0x000000070c800000, 0x000000070c800000, 0x000000070ca00000|  0%| F|  |TAMS 0x000000070c800000, 0x000000070c800000| Untracked 
|  96|0x000000070ca00000, 0x000000070ca00000, 0x000000070cc00000|  0%| F|  |TAMS 0x000000070ca00000, 0x000000070ca00000| Untracked 
|  97|0x000000070cc00000, 0x000000070cc00000, 0x000000070ce00000|  0%| F|  |TAMS 0x000000070cc00000, 0x000000070cc00000| Untracked 
|  98|0x000000070ce00000, 0x000000070ce00000, 0x000000070d000000|  0%| F|  |TAMS 0x000000070ce00000, 0x000000070ce00000| Untracked 
|  99|0x000000070d000000, 0x000000070d000000, 0x000000070d200000|  0%| F|  |TAMS 0x000000070d000000, 0x000000070d000000| Untracked 
| 100|0x000000070d200000, 0x000000070d200000, 0x000000070d400000|  0%| F|  |TAMS 0x000000070d200000, 0x000000070d200000| Untracked 
| 101|0x000000070d400000, 0x000000070d400000, 0x000000070d600000|  0%| F|  |TAMS 0x000000070d400000, 0x000000070d400000| Untracked 
| 102|0x000000070d600000, 0x000000070d600000, 0x000000070d800000|  0%| F|  |TAMS 0x000000070d600000, 0x000000070d600000| Untracked 
| 103|0x000000070d800000, 0x000000070d800000, 0x000000070da00000|  0%| F|  |TAMS 0x000000070d800000, 0x000000070d800000| Untracked 
| 104|0x000000070da00000, 0x000000070da00000, 0x000000070dc00000|  0%| F|  |TAMS 0x000000070da00000, 0x000000070da00000| Untracked 
| 105|0x000000070dc00000, 0x000000070dc00000, 0x000000070de00000|  0%| F|  |TAMS 0x000000070dc00000, 0x000000070dc00000| Untracked 
| 106|0x000000070de00000, 0x000000070de00000, 0x000000070e000000|  0%| F|  |TAMS 0x000000070de00000, 0x000000070de00000| Untracked 
| 107|0x000000070e000000, 0x000000070e000000, 0x000000070e200000|  0%| F|  |TAMS 0x000000070e000000, 0x000000070e000000| Untracked 
| 108|0x000000070e200000, 0x000000070e200000, 0x000000070e400000|  0%| F|  |TAMS 0x000000070e200000, 0x000000070e200000| Untracked 
| 109|0x000000070e400000, 0x000000070e400000, 0x000000070e600000|  0%| F|  |TAMS 0x000000070e400000, 0x000000070e400000| Untracked 
| 110|0x000000070e600000, 0x000000070e600000, 0x000000070e800000|  0%| F|  |TAMS 0x000000070e600000, 0x000000070e600000| Untracked 
| 111|0x000000070e800000, 0x000000070e800000, 0x000000070ea00000|  0%| F|  |TAMS 0x000000070e800000, 0x000000070e800000| Untracked 
| 112|0x000000070ea00000, 0x000000070ea00000, 0x000000070ec00000|  0%| F|  |TAMS 0x000000070ea00000, 0x000000070ea00000| Untracked 
| 113|0x000000070ec00000, 0x000000070ec00000, 0x000000070ee00000|  0%| F|  |TAMS 0x000000070ec00000, 0x000000070ec00000| Untracked 
| 114|0x000000070ee00000, 0x000000070ee00000, 0x000000070f000000|  0%| F|  |TAMS 0x000000070ee00000, 0x000000070ee00000| Untracked 
| 115|0x000000070f000000, 0x000000070f000000, 0x000000070f200000|  0%| F|  |TAMS 0x000000070f000000, 0x000000070f000000| Untracked 
| 116|0x000000070f200000, 0x000000070f200000, 0x000000070f400000|  0%| F|  |TAMS 0x000000070f200000, 0x000000070f200000| Untracked 
| 117|0x000000070f400000, 0x000000070f400000, 0x000000070f600000|  0%| F|  |TAMS 0x000000070f400000, 0x000000070f400000| Untracked 
| 118|0x000000070f600000, 0x000000070f600000, 0x000000070f800000|  0%| F|  |TAMS 0x000000070f600000, 0x000000070f600000| Untracked 
| 119|0x000000070f800000, 0x000000070f800000, 0x000000070fa00000|  0%| F|  |TAMS 0x000000070f800000, 0x000000070f800000| Untracked 
| 120|0x000000070fa00000, 0x000000070fa00000, 0x000000070fc00000|  0%| F|  |TAMS 0x000000070fa00000, 0x000000070fa00000| Untracked 
| 121|0x000000070fc00000, 0x000000070fc00000, 0x000000070fe00000|  0%| F|  |TAMS 0x000000070fc00000, 0x000000070fc00000| Untracked 
| 122|0x000000070fe00000, 0x000000070fe00000, 0x0000000710000000|  0%| F|  |TAMS 0x000000070fe00000, 0x000000070fe00000| Untracked 
| 123|0x0000000710000000, 0x0000000710000000, 0x0000000710200000|  0%| F|  |TAMS 0x0000000710000000, 0x0000000710000000| Untracked 
| 124|0x0000000710200000, 0x0000000710200000, 0x0000000710400000|  0%| F|  |TAMS 0x0000000710200000, 0x0000000710200000| Untracked 
| 125|0x0000000710400000, 0x00000007105fcd70, 0x0000000710600000| 99%| E|  |TAMS 0x0000000710400000, 0x0000000710400000| Complete 
| 126|0x0000000710600000, 0x0000000710800000, 0x0000000710800000|100%| E|CS|TAMS 0x0000000710600000, 0x0000000710600000| Complete 
| 127|0x0000000710800000, 0x0000000710a00000, 0x0000000710a00000|100%| E|CS|TAMS 0x0000000710800000, 0x0000000710800000| Complete 

Card table byte_map: [0x000002b9cf810000,0x000002b9d0010000] _byte_map_base: 0x000002b9cc00b000

Marking Bits (Prev, Next): (CMBitMap*) 0x000002b9b8740aa0, (CMBitMap*) 0x000002b9b8740ae0
 Prev Bits: [0x000002b9d0810000, 0x000002b9d47e8000)
 Next Bits: [0x000002b9d47f0000, 0x000002b9d87c8000)

Polling page: 0x000002b9b64b0000

Metaspace:

Usage:
  Non-class:      2.59 MB used.
      Class:    189.53 KB used.
       Both:      2.77 MB used.

Virtual space:
  Non-class space:       64.00 MB reserved,       2.69 MB (  4%) committed,  1 nodes.
      Class space:        1.00 GB reserved,     256.00 KB ( <1%) committed,  1 nodes.
             Both:        1.06 GB reserved,       2.94 MB ( <1%) committed. 

Chunk freelists:
   Non-Class:  2.66 MB
       Class:  3.64 MB
        Both:  6.30 MB

MaxMetaspaceSize: unlimited
CompressedClassSpaceSize: 1.00 GB
Initial GC threshold: 21.00 MB
Current GC threshold: 21.00 MB
CDS: on
MetaspaceReclaimPolicy: balanced
 - commit_granule_bytes: 65536.
 - commit_granule_words: 8192.
 - virtual_space_node_default_size: 8388608.
 - enlarge_chunks_in_place: 1.
 - new_chunks_are_fully_committed: 0.
 - uncommit_free_chunks: 1.
 - use_allocation_guard: 0.


Internal statistics:

num_allocs_failed_limit: 0.
num_arena_births: 80.
num_arena_deaths: 0.
num_vsnodes_births: 2.
num_vsnodes_deaths: 0.
num_space_committed: 47.
num_space_uncommitted: 0.
num_chunks_returned_to_freelist: 0.
num_chunks_taken_from_freelist: 155.
num_chunk_merges: 0.
num_chunk_splits: 101.
num_chunks_enlarged: 65.
num_inconsistent_stats: 0.

CodeHeap 'non-profiled nmethods': size=120000Kb used=167Kb max_used=167Kb free=119832Kb
 bounds [0x000002b9c7ae0000, 0x000002b9c7d50000, 0x000002b9cf010000]
CodeHeap 'profiled nmethods': size=120000Kb used=766Kb max_used=766Kb free=119233Kb
 bounds [0x000002b9c05b0000, 0x000002b9c0820000, 0x000002b9c7ae0000]
CodeHeap 'non-nmethods': size=5760Kb used=1578Kb max_used=1593Kb free=4181Kb
 bounds [0x000002b9c0010000, 0x000002b9c0280000, 0x000002b9c05b0000]
 total_blobs=1526 nmethods=534 adapters=905
 compilation: enabled
              stopped_count=0, restarted_count=0
 full_count=0

Compilation events (20 events):
Event: 0.243 Thread 0x000002b9dac7dcf0  521       3       java.lang.ClassLoader::getClassLoadingLock (35 bytes)
Event: 0.243 Thread 0x000002b9dac7dcf0 nmethod 521 0x000002b9c066c690 code [0x000002b9c066c840, 0x000002b9c066cb48]
Event: 0.243 Thread 0x000002b9dac7dcf0  522       3       java.io.InputStream::<init> (5 bytes)
Event: 0.243 Thread 0x000002b9dac7dcf0 nmethod 522 0x000002b9c066cc90 code [0x000002b9c066ce20, 0x000002b9c066cf78]
Event: 0.244 Thread 0x000002b9dac7dcf0  525       3       jdk.internal.misc.Unsafe::checkOffset (32 bytes)
Event: 0.244 Thread 0x000002b9dac7dcf0 nmethod 525 0x000002b9c066d010 code [0x000002b9c066d1c0, 0x000002b9c066d448]
Event: 0.244 Thread 0x000002b9dac7dcf0  526       3       jdk.internal.loader.NativeLibraries$NativeLibraryImpl::find (6 bytes)
Event: 0.244 Thread 0x000002b9dac7dcf0 nmethod 526 0x000002b9c066d590 code [0x000002b9c066d720, 0x000002b9c066d848]
Event: 0.244 Thread 0x000002b9dac7dcf0  528       3       java.lang.String::regionMatches (150 bytes)
Event: 0.245 Thread 0x000002b9dac723d0  533       4       java.lang.Integer::toUnsignedLong (7 bytes)
Event: 0.245 Thread 0x000002b9dac7dcf0 nmethod 528 0x000002b9c066d910 code [0x000002b9c066db60, 0x000002b9c066e368]
Event: 0.245 Thread 0x000002b9dac7dcf0  529       3       java.lang.StringLatin1::regionMatchesCI (98 bytes)
Event: 0.245 Thread 0x000002b9dac723d0 nmethod 533 0x000002b9c7b09910 code [0x000002b9c7b09a80, 0x000002b9c7b09ad8]
Event: 0.245 Thread 0x000002b9dac7dcf0 nmethod 529 0x000002b9c066e610 code [0x000002b9c066e840, 0x000002b9c066efb8]
Event: 0.245 Thread 0x000002b9dac7dcf0  532       3       org.lwjgl.system.MemoryUtil::memPutAddress (29 bytes)
Event: 0.245 Thread 0x000002b9dac7dcf0 nmethod 532 0x000002b9c066f310 code [0x000002b9c066f4c0, 0x000002b9c066f6b8]
Event: 0.245 Thread 0x000002b9dac7dcf0  531       3       sun.misc.Unsafe::putLong (11 bytes)
Event: 0.245 Thread 0x000002b9dac7dcf0 nmethod 531 0x000002b9c066f790 code [0x000002b9c066f920, 0x000002b9c066fa38]
Event: 0.246 Thread 0x000002b9dac7dcf0  534       1       java.net.URL::getUserInfo (5 bytes)
Event: 0.246 Thread 0x000002b9dac7dcf0 nmethod 534 0x000002b9c7b09c10 code [0x000002b9c7b09da0, 0x000002b9c7b09e78]

GC Heap History (0 events):
No events

Deoptimization events (20 events):
Event: 0.069 Thread 0x000002b9b86cf5a0 DEOPT PACKING pc=0x000002b9c7aecf9c sp=0x000000e45d9fe880
Event: 0.069 Thread 0x000002b9b86cf5a0 DEOPT UNPACKING pc=0x000002b9c00623a3 sp=0x000000e45d9fe810 mode 2
Event: 0.082 Thread 0x000002b9b86cf5a0 Uncommon trap: trap_request=0xffffff45 fr.pc=0x000002b9c7aee92c relative=0x00000000000000ac
Event: 0.082 Thread 0x000002b9b86cf5a0 Uncommon trap: reason=unstable_if action=reinterpret pc=0x000002b9c7aee92c method=java.lang.String.isLatin1()Z @ 10 c2
Event: 0.082 Thread 0x000002b9b86cf5a0 DEOPT PACKING pc=0x000002b9c7aee92c sp=0x000000e45d9ff2a0
Event: 0.082 Thread 0x000002b9b86cf5a0 DEOPT UNPACKING pc=0x000002b9c00623a3 sp=0x000000e45d9ff1e0 mode 2
Event: 0.165 Thread 0x000002b9b86cf5a0 DEOPT PACKING pc=0x000002b9c05dc267 sp=0x000000e45d9fcb80
Event: 0.165 Thread 0x000002b9b86cf5a0 DEOPT UNPACKING pc=0x000002b9c0062b43 sp=0x000000e45d9fbfa0 mode 0
Event: 0.208 Thread 0x000002b9b86cf5a0 DEOPT PACKING pc=0x000002b9c05b7cd1 sp=0x000000e45d9fbf60
Event: 0.208 Thread 0x000002b9b86cf5a0 DEOPT UNPACKING pc=0x000002b9c0062b43 sp=0x000000e45d9fb3d8 mode 0
Event: 0.228 Thread 0x000002b9b86cf5a0 DEOPT PACKING pc=0x000002b9c065e0b7 sp=0x000000e45d9ff1f0
Event: 0.228 Thread 0x000002b9b86cf5a0 DEOPT UNPACKING pc=0x000002b9c0062b43 sp=0x000000e45d9fe778 mode 0
Event: 0.230 Thread 0x000002b9b86cf5a0 Uncommon trap: trap_request=0xffffff45 fr.pc=0x000002b9c7b07990 relative=0x0000000000000270
Event: 0.230 Thread 0x000002b9b86cf5a0 Uncommon trap: reason=unstable_if action=reinterpret pc=0x000002b9c7b07990 method=java.nio.Buffer.hasRemaining()Z @ 8 c2
Event: 0.230 Thread 0x000002b9b86cf5a0 DEOPT PACKING pc=0x000002b9c7b07990 sp=0x000000e45d9ff2b0
Event: 0.230 Thread 0x000002b9b86cf5a0 DEOPT UNPACKING pc=0x000002b9c00623a3 sp=0x000000e45d9ff218 mode 2
Event: 0.230 Thread 0x000002b9b86cf5a0 Uncommon trap: trap_request=0xffffff45 fr.pc=0x000002b9c7b070e4 relative=0x0000000000000064
Event: 0.230 Thread 0x000002b9b86cf5a0 Uncommon trap: reason=unstable_if action=reinterpret pc=0x000002b9c7b070e4 method=java.nio.Buffer.hasRemaining()Z @ 8 c2
Event: 0.230 Thread 0x000002b9b86cf5a0 DEOPT PACKING pc=0x000002b9c7b070e4 sp=0x000000e45d9fe430
Event: 0.230 Thread 0x000002b9b86cf5a0 DEOPT UNPACKING pc=0x000002b9c00623a3 sp=0x000000e45d9fe3c8 mode 2

Classes loaded (20 events):
Event: 0.155 Loading class sun/misc/Unsafe
Event: 0.155 Loading class sun/misc/Unsafe done
Event: 0.155 Loading class java/lang/invoke/DirectMethodHandle$StaticAccessor
Event: 0.155 Loading class java/lang/invoke/DirectMethodHandle$StaticAccessor done
Event: 0.157 Loading class java/util/function/LongPredicate
Event: 0.157 Loading class java/util/function/LongPredicate done
Event: 0.158 Loading class jdk/internal/access/foreign/MemorySegmentProxy
Event: 0.158 Loading class jdk/internal/access/foreign/MemorySegmentProxy done
Event: 0.161 Loading class java/nio/InvalidMarkException
Event: 0.162 Loading class java/nio/InvalidMarkException done
Event: 0.162 Loading class java/nio/BufferUnderflowException
Event: 0.162 Loading class java/nio/BufferUnderflowException done
Event: 0.163 Loading class java/lang/IndexOutOfBoundsException
Event: 0.163 Loading class java/lang/IndexOutOfBoundsException done
Event: 0.197 Loading class java/nio/channels/spi/AbstractInterruptibleChannel$1
Event: 0.198 Loading class sun/nio/ch/Interruptible
Event: 0.198 Loading class sun/nio/ch/Interruptible done
Event: 0.198 Loading class java/nio/channels/spi/AbstractInterruptibleChannel$1 done
Event: 0.214 Loading class jdk/internal/misc/ScopedMemoryAccess$Scope
Event: 0.214 Loading class jdk/internal/misc/ScopedMemoryAccess$Scope done

Classes unloaded (0 events):
No events

Classes redefined (0 events):
No events

Internal exceptions (20 events):
Event: 0.142 Thread 0x000002b9b86cf5a0 Exception <a 'sun/nio/fs/WindowsException'{0x00000007107af618}> (0x00000007107af618) 
thrown [s\open\src\hotspot\share\prims\jni.cpp, line 516]
Event: 0.149 Thread 0x000002b9b86cf5a0 Exception <a 'sun/nio/fs/WindowsException'{0x00000007107bf0e0}> (0x00000007107bf0e0) 
thrown [s\open\src\hotspot\share\prims\jni.cpp, line 516]
Event: 0.149 Thread 0x000002b9b86cf5a0 Exception <a 'sun/nio/fs/WindowsException'{0x00000007107bf440}> (0x00000007107bf440) 
thrown [s\open\src\hotspot\share\prims\jni.cpp, line 516]
Event: 0.153 Thread 0x000002b9b86cf5a0 Exception <a 'java/lang/NoSuchMethodError'{0x00000007107f4ad0}: 'java.lang.Object java.lang.invoke.DirectMethodHandle$Holder.invokeStaticInit(java.lang.Object)'> (0x00000007107f4ad0) 
thrown [s\open\src\hotspot\share\interpreter\linkResolver.cpp, line 759]
Event: 0.157 Thread 0x000002b9b86cf5a0 Exception <a 'java/lang/NoSuchMethodError'{0x0000000710411eb8}: 'int java.lang.invoke.DirectMethodHandle$Holder.invokeStaticInit(java.lang.Object, java.lang.Object, int, long)'> (0x0000000710411eb8) 
thrown [s\open\src\hotspot\share\interpreter\linkResolver.cpp, line 759]
Event: 0.158 Thread 0x000002b9b86cf5a0 Exception <a 'java/lang/NoSuchMethodError'{0x0000000710417780}: 'java.lang.Object java.lang.invoke.DirectMethodHandle$Holder.newInvokeSpecial(java.lang.Object, java.lang.Object, int)'> (0x0000000710417780) 
thrown [s\open\src\hotspot\share\interpreter\linkResolver.cpp, line 759]
Event: 0.159 Thread 0x000002b9b86cf5a0 Exception <a 'java/lang/NoSuchMethodError'{0x00000007104260c8}: 'int java.lang.invoke.DirectMethodHandle$Holder.invokeStaticInit(java.lang.Object, java.lang.Object, long, long)'> (0x00000007104260c8) 
thrown [s\open\src\hotspot\share\interpreter\linkResolver.cpp, line 759]
Event: 0.160 Thread 0x000002b9b86cf5a0 Exception <a 'java/lang/NoSuchMethodError'{0x000000071042c1d8}: 'java.lang.Object java.lang.invoke.DirectMethodHandle$Holder.newInvokeSpecial(java.lang.Object, java.lang.Object, long)'> (0x000000071042c1d8) 
thrown [s\open\src\hotspot\share\interpreter\linkResolver.cpp, line 759]
Event: 0.160 Thread 0x000002b9b86cf5a0 Exception <a 'java/lang/NoSuchMethodError'{0x0000000710430230}: 'java.lang.Object java.lang.invoke.Invokers$Holder.linkToTargetMethod(java.lang.Object, long, java.lang.Object)'> (0x0000000710430230) 
thrown [s\open\src\hotspot\share\interpreter\linkResolver.cpp, line 759]
Event: 0.160 Thread 0x000002b9b86cf5a0 Exception <a 'java/lang/NoSuchMethodError'{0x00000007104377d8}: 'int java.lang.invoke.DirectMethodHandle$Holder.invokeStaticInit(java.lang.Object, java.lang.Object, java.lang.Object, long)'> (0x00000007104377d8) 
thrown [s\open\src\hotspot\share\interpreter\linkResolver.cpp, line 759]
Event: 0.199 Thread 0x000002b9b86cf5a0 Exception <a 'java/lang/NoSuchMethodError'{0x00000007104c7f28}: 'void java.lang.System.load(java.lang.String, java.lang.Class)'> (0x00000007104c7f28) 
thrown [s\open\src\hotspot\share\interpreter\linkResolver.cpp, line 759]
Event: 0.200 Thread 0x000002b9b86cf5a0 Exception <a 'java/lang/NoSuchMethodError'{0x00000007104cadc0}: 'void java.lang.System.loadLibrary(java.lang.String, java.lang.Class)'> (0x00000007104cadc0) 
thrown [s\open\src\hotspot\share\interpreter\linkResolver.cpp, line 759]
Event: 0.205 Thread 0x000002b9b86cf5a0 Exception <a 'sun/nio/fs/WindowsException'{0x00000007104d69e0}> (0x00000007104d69e0) 
thrown [s\open\src\hotspot\share\prims\jni.cpp, line 516]
Event: 0.205 Thread 0x000002b9b86cf5a0 Exception <a 'sun/nio/fs/WindowsException'{0x00000007104d6d60}> (0x00000007104d6d60) 
thrown [s\open\src\hotspot\share\prims\jni.cpp, line 516]
Event: 0.236 Thread 0x000002b9b86cf5a0 Exception <a 'java/lang/NoSuchMethodError'{0x000000071058b480}: 'void java.lang.System.load(java.lang.String, java.lang.Class)'> (0x000000071058b480) 
thrown [s\open\src\hotspot\share\interpreter\linkResolver.cpp, line 759]
Event: 0.237 Thread 0x000002b9b86cf5a0 Exception <a 'java/lang/NoSuchMethodError'{0x000000071058e310}: 'void java.lang.System.loadLibrary(java.lang.String, java.lang.Class)'> (0x000000071058e310) 
thrown [s\open\src\hotspot\share\interpreter\linkResolver.cpp, line 759]
Event: 0.240 Thread 0x000002b9b86cf5a0 Exception <a 'sun/nio/fs/WindowsException'{0x000000071059e388}> (0x000000071059e388) 
thrown [s\open\src\hotspot\share\prims\jni.cpp, line 516]
Event: 0.240 Thread 0x000002b9b86cf5a0 Exception <a 'sun/nio/fs/WindowsException'{0x000000071059e730}> (0x000000071059e730) 
thrown [s\open\src\hotspot\share\prims\jni.cpp, line 516]
Event: 0.242 Thread 0x000002b9b86cf5a0 Exception <a 'sun/nio/fs/WindowsException'{0x00000007105a3cf0}> (0x00000007105a3cf0) 
thrown [s\open\src\hotspot\share\prims\jni.cpp, line 516]
Event: 0.242 Thread 0x000002b9b86cf5a0 Exception <a 'sun/nio/fs/WindowsException'{0x00000007105a3fd0}> (0x00000007105a3fd0) 
thrown [s\open\src\hotspot\share\prims\jni.cpp, line 516]

VM Operations (4 events):
Event: 0.050 Executing VM operation: HandshakeAllThreads
Event: 0.050 Executing VM operation: HandshakeAllThreads done
Event: 0.083 Executing VM operation: HandshakeAllThreads
Event: 0.083 Executing VM operation: HandshakeAllThreads done

Events (20 events):
Event: 0.026 Thread 0x000002b9dac6a0e0 Thread added: 0x000002b9dac6a0e0
Event: 0.026 Thread 0x000002b9dac6a990 Thread added: 0x000002b9dac6a990
Event: 0.026 Thread 0x000002b9dac6b330 Thread added: 0x000002b9dac6b330
Event: 0.026 Thread 0x000002b9dac6fe70 Thread added: 0x000002b9dac6fe70
Event: 0.026 Thread 0x000002b9dac723d0 Thread added: 0x000002b9dac723d0
Event: 0.026 Thread 0x000002b9dac7dcf0 Thread added: 0x000002b9dac7dcf0
Event: 0.026 Thread 0x000002b9dac7e5e0 Thread added: 0x000002b9dac7e5e0
Event: 0.046 Thread 0x000002b9dad0eaa0 Thread added: 0x000002b9dad0eaa0
Event: 0.058 Loaded shared library C:\Users\vinny\.jdks\openjdk-18.0.2\bin\zip.dll
Event: 0.059 Loaded shared library C:\Users\vinny\.jdks\openjdk-18.0.2\bin\instrument.dll
Event: 0.063 Loaded shared library C:\Users\vinny\.jdks\openjdk-18.0.2\bin\net.dll
Event: 0.065 Loaded shared library C:\Users\vinny\.jdks\openjdk-18.0.2\bin\nio.dll
Event: 0.067 Loaded shared library C:\Users\vinny\.jdks\openjdk-18.0.2\bin\zip.dll
Event: 0.081 Loaded shared library D:\IntelliJ\IntelliJ IDEA Community Edition 2022.2\bin\breakgen64.dll
Event: 0.081 Thread 0x000002b9df159e00 Thread added: 0x000002b9df159e00
Event: 0.081 Thread 0x000002b9df1453d0 Thread added: 0x000002b9df1453d0
Event: 0.128 Loaded shared library C:\Users\vinny\.jdks\openjdk-18.0.2\bin\jimage.dll
Event: 0.144 Loaded shared library C:\Users\vinny\AppData\Local\Temp\lwjglvinny\3.3.1-build-7\lwjgl.dll
Event: 0.206 Loaded shared library C:\Users\vinny\AppData\Local\Temp\lwjglvinny\3.3.1-build-7\lwjgl_stb.dll
Event: 0.241 Loaded shared library C:\Users\vinny\AppData\Local\Temp\lwjglvinny\3.3.1-build-7\lwjgl_opengl.dll


Dynamic libraries:
0x00007ff7791a0000 - 0x00007ff7791ae000 	C:\Users\vinny\.jdks\openjdk-18.0.2\bin\java.exe
0x00007ffafed90000 - 0x00007ffafef88000 	C:\WINDOWS\SYSTEM32\ntdll.dll
0x00007ffafec90000 - 0x00007ffafed4d000 	C:\WINDOWS\System32\KERNEL32.DLL
0x00007ffafc980000 - 0x00007ffafcc4e000 	C:\WINDOWS\System32\KERNELBASE.dll
0x00007ffafccf0000 - 0x00007ffafcdf0000 	C:\WINDOWS\System32\ucrtbase.dll
0x00007ffae6690000 - 0x00007ffae66a7000 	C:\Users\vinny\.jdks\openjdk-18.0.2\bin\jli.dll
0x00007ffae6400000 - 0x00007ffae641a000 	C:\Users\vinny\.jdks\openjdk-18.0.2\bin\VCRUNTIME140.dll
0x00007ffafd8e0000 - 0x00007ffafda80000 	C:\WINDOWS\System32\USER32.dll
0x00007ffafc5c0000 - 0x00007ffafc5e2000 	C:\WINDOWS\System32\win32u.dll
0x00007ffae3690000 - 0x00007ffae392a000 	C:\WINDOWS\WinSxS\amd64_microsoft.windows.common-controls_6595b64144ccf1df_6.0.19041.1110_none_60b5254171f9507e\COMCTL32.dll
0x00007ffafde90000 - 0x00007ffafdeba000 	C:\WINDOWS\System32\GDI32.dll
0x00007ffafda80000 - 0x00007ffafdb1e000 	C:\WINDOWS\System32\msvcrt.dll
0x00007ffafc4b0000 - 0x00007ffafc5bb000 	C:\WINDOWS\System32\gdi32full.dll
0x00007ffafc6a0000 - 0x00007ffafc73d000 	C:\WINDOWS\System32\msvcp_win.dll
0x00007ffafd8b0000 - 0x00007ffafd8e0000 	C:\WINDOWS\System32\IMM32.DLL
0x00007ffae81c0000 - 0x00007ffae81cc000 	C:\Users\vinny\.jdks\openjdk-18.0.2\bin\vcruntime140_1.dll
0x00007ffae4920000 - 0x00007ffae49ad000 	C:\Users\vinny\.jdks\openjdk-18.0.2\bin\msvcp140.dll
0x00007ffa90870000 - 0x00007ffa91481000 	C:\Users\vinny\.jdks\openjdk-18.0.2\bin\server\jvm.dll
0x00007ffafe700000 - 0x00007ffafe7ae000 	C:\WINDOWS\System32\ADVAPI32.dll
0x00007ffafe890000 - 0x00007ffafe92c000 	C:\WINDOWS\System32\sechost.dll
0x00007ffafe5d0000 - 0x00007ffafe6f5000 	C:\WINDOWS\System32\RPCRT4.dll
0x00007ffafe7b0000 - 0x00007ffafe7b8000 	C:\WINDOWS\System32\PSAPI.DLL
0x00007ffaf8f20000 - 0x00007ffaf8f29000 	C:\WINDOWS\SYSTEM32\WSOCK32.dll
0x00007ffafdcf0000 - 0x00007ffafdd5b000 	C:\WINDOWS\System32\WS2_32.dll
0x00007ffaf3f90000 - 0x00007ffaf3fb7000 	C:\WINDOWS\SYSTEM32\WINMM.dll
0x00007ffaf3f80000 - 0x00007ffaf3f8a000 	C:\WINDOWS\SYSTEM32\VERSION.dll
0x00007ffaf96e0000 - 0x00007ffaf96f2000 	C:\WINDOWS\SYSTEM32\kernel.appcore.dll
0x00007ffae7020000 - 0x00007ffae702a000 	C:\Users\vinny\.jdks\openjdk-18.0.2\bin\jimage.dll
0x00007ffafbd40000 - 0x00007ffafbf24000 	C:\WINDOWS\SYSTEM32\DBGHELP.DLL
0x00007ffafbc90000 - 0x00007ffafbcbc000 	C:\WINDOWS\SYSTEM32\dbgcore.DLL
0x00007ffafc8f0000 - 0x00007ffafc972000 	C:\WINDOWS\System32\bcryptPrimitives.dll
0x00007ffaf8ff0000 - 0x00007ffaf8ffe000 	C:\Users\vinny\.jdks\openjdk-18.0.2\bin\instrument.dll
0x00007ffae63d0000 - 0x00007ffae63f5000 	C:\Users\vinny\.jdks\openjdk-18.0.2\bin\java.dll
0x00007ffae39c0000 - 0x00007ffae3a96000 	C:\Users\vinny\.jdks\openjdk-18.0.2\bin\jsvml.dll
0x00007ffafd100000 - 0x00007ffafd843000 	C:\WINDOWS\System32\SHELL32.dll
0x00007ffaf9f70000 - 0x00007ffafa705000 	C:\WINDOWS\SYSTEM32\windows.storage.dll
0x00007ffafe930000 - 0x00007ffafec84000 	C:\WINDOWS\System32\combase.dll
0x00007ffafb820000 - 0x00007ffafb850000 	C:\WINDOWS\SYSTEM32\Wldp.dll
0x00007ffafe7d0000 - 0x00007ffafe87d000 	C:\WINDOWS\System32\SHCORE.dll
0x00007ffafcf80000 - 0x00007ffafcfd5000 	C:\WINDOWS\System32\shlwapi.dll
0x00007ffafc3f0000 - 0x00007ffafc40f000 	C:\WINDOWS\SYSTEM32\profapi.dll
0x00007ffae6110000 - 0x00007ffae6128000 	C:\Users\vinny\.jdks\openjdk-18.0.2\bin\zip.dll
0x00007ffae63b0000 - 0x00007ffae63c3000 	C:\Users\vinny\.jdks\openjdk-18.0.2\bin\net.dll
0x00007ffaef9d0000 - 0x00007ffaefada000 	C:\WINDOWS\SYSTEM32\WINHTTP.dll
0x00007ffafb6f0000 - 0x00007ffafb75a000 	C:\WINDOWS\system32\mswsock.dll
0x00007ffae6250000 - 0x00007ffae6266000 	C:\Users\vinny\.jdks\openjdk-18.0.2\bin\nio.dll
0x00007ffaf8f30000 - 0x00007ffaf8f4a000 	D:\IntelliJ\IntelliJ IDEA Community Edition 2022.2\bin\breakgen64.dll
0x00007ffae1920000 - 0x00007ffae1995000 	C:\Users\vinny\AppData\Local\Temp\lwjglvinny\3.3.1-build-7\lwjgl.dll
0x00007ffae5cd0000 - 0x00007ffae5d31000 	C:\Users\vinny\AppData\Local\Temp\lwjglvinny\3.3.1-build-7\glfw.dll
0x00007ffae5430000 - 0x00007ffae5475000 	C:\WINDOWS\SYSTEM32\dinput8.dll
0x00007ffae5dc0000 - 0x00007ffae5dd1000 	C:\WINDOWS\SYSTEM32\xinput1_4.dll
0x00007ffafc740000 - 0x00007ffafc78e000 	C:\WINDOWS\System32\cfgmgr32.dll
0x00007ffafc260000 - 0x00007ffafc28c000 	C:\WINDOWS\SYSTEM32\DEVOBJ.dll
0x00007ffaf9500000 - 0x00007ffaf952f000 	C:\WINDOWS\SYSTEM32\dwmapi.dll
0x00007ffaf1130000 - 0x00007ffaf1282000 	C:\WINDOWS\SYSTEM32\inputhost.dll
0x00007ffafddc0000 - 0x00007ffafde8d000 	C:\WINDOWS\System32\OLEAUT32.dll
0x00007ffaf8cf0000 - 0x00007ffaf8de2000 	C:\WINDOWS\SYSTEM32\CoreMessaging.dll
0x00007ffaf7370000 - 0x00007ffaf7466000 	C:\WINDOWS\SYSTEM32\PROPSYS.dll
0x00007ffaf74f0000 - 0x00007ffaf7644000 	C:\WINDOWS\SYSTEM32\wintypes.dll
0x00007ffaf8610000 - 0x00007ffaf896e000 	C:\WINDOWS\SYSTEM32\CoreUIComponents.dll
0x00007ffafc200000 - 0x00007ffafc233000 	C:\WINDOWS\SYSTEM32\ntmarta.dll
0x00007ffaf92e0000 - 0x00007ffaf937e000 	C:\WINDOWS\system32\uxtheme.dll
0x00007ffafcfe0000 - 0x00007ffafd0f5000 	C:\WINDOWS\System32\MSCTF.dll
0x00007ffadd980000 - 0x00007ffadda01000 	C:\Users\vinny\AppData\Local\Temp\lwjglvinny\3.3.1-build-7\lwjgl_stb.dll
0x00007ffae5350000 - 0x00007ffae53ad000 	C:\Users\vinny\AppData\Local\Temp\lwjglvinny\3.3.1-build-7\lwjgl_opengl.dll
0x00007ffaab040000 - 0x00007ffaab167000 	C:\WINDOWS\SYSTEM32\opengl32.dll
0x00007ffaaa3b0000 - 0x00007ffaaa3dc000 	C:\WINDOWS\SYSTEM32\GLU32.dll

dbghelp: loaded successfully - version: 4.0.5 - missing functions: none
symbol engine: initialized successfully - sym options: 0x614 - pdb path: .;C:\Users\vinny\.jdks\openjdk-18.0.2\bin;C:\WINDOWS\SYSTEM32;C:\WINDOWS\WinSxS\amd64_microsoft.windows.common-controls_6595b64144ccf1df_6.0.19041.1110_none_60b5254171f9507e;C:\Users\vinny\.jdks\openjdk-18.0.2\bin\server;D:\IntelliJ\IntelliJ IDEA Community Edition 2022.2\bin;C:\Users\vinny\AppData\Local\Temp\lwjglvinny\3.3.1-build-7

VM Arguments:
jvm_args: -javaagent:D:\IntelliJ\IntelliJ IDEA Community Edition 2022.2\lib\idea_rt.jar=56540:D:\IntelliJ\IntelliJ IDEA Community Edition 2022.2\bin -Dfile.encoding=UTF-8 
java_command: ShadowDimension.ShadowDimension
java_class_path (initial): C:\UNI\SWEN\luuvl-project-2\target\classes;C:\Users\vinny\.m2\repository\org\lwjgl\lwjgl\3.3.1\lwjgl-3.3.1.jar;C:\Users\vinny\.m2\repository\org\lwjgl\lwjgl-assimp\3.3.1\lwjgl-assimp-3.3.1.jar;C:\Users\vinny\.m2\repository\org\lwjgl\lwjgl-glfw\3.3.1\lwjgl-glfw-3.3.1.jar;C:\Users\vinny\.m2\repository\org\lwjgl\lwjgl-openal\3.3.1\lwjgl-openal-3.3.1.jar;C:\Users\vinny\.m2\repository\org\lwjgl\lwjgl-opengl\3.3.1\lwjgl-opengl-3.3.1.jar;C:\Users\vinny\.m2\repository\org\lwjgl\lwjgl-stb\3.3.1\lwjgl-stb-3.3.1.jar;C:\Users\vinny\.m2\repository\org\lwjgl\lwjgl\3.3.1\lwjgl-3.3.1-natives-windows.jar;C:\Users\vinny\.m2\repository\org\lwjgl\lwjgl-assimp\3.3.1\lwjgl-assimp-3.3.1-natives-windows.jar;C:\Users\vinny\.m2\repository\org\lwjgl\lwjgl-glfw\3.3.1\lwjgl-glfw-3.3.1-natives-windows.jar;C:\Users\vinny\.m2\repository\org\lwjgl\lwjgl-openal\3.3.1\lwjgl-openal-3.3.1-natives-windows.jar;C:\Users\vinny\.m2\repository\org\lwjgl\lwjgl-opengl\3.3.1\lwjgl-opengl-3.3.1-natives-windows.jar;C:\Users\vinny\.m2\repository\org\lwjgl\lwjgl-stb\3.3.1\lwjgl-stb-3.3.1-natives-windows.jar;C:\Users\vinny\.m2\repository\io\github\eleanor-em\bagel\1.9.3\bagel-1.9.3.jar
Launcher Type: SUN_STANDARD

[Global flags]
     intx CICompilerCount                          = 3                                         {product} {ergonomic}
     uint ConcGCThreads                            = 1                                         {product} {ergonomic}
     uint G1ConcRefinementThreads                  = 4                                         {product} {ergonomic}
   size_t G1HeapRegionSize                         = 2097152                                   {product} {ergonomic}
    uintx GCDrainStackTargetSize                   = 64                                        {product} {ergonomic}
   size_t InitialHeapSize                          = 268435456                                 {product} {ergonomic}
   size_t MarkStackSize                            = 4194304                                   {product} {ergonomic}
   size_t MaxHeapSize                              = 4284481536                                {product} {ergonomic}
   size_t MaxNewSize                               = 2569011200                                {product} {ergonomic}
   size_t MinHeapDeltaBytes                        = 2097152                                   {product} {ergonomic}
   size_t MinHeapSize                              = 8388608                                   {product} {ergonomic}
    uintx NonNMethodCodeHeapSize                   = 5832780                                {pd product} {ergonomic}
    uintx NonProfiledCodeHeapSize                  = 122912730                              {pd product} {ergonomic}
    uintx ProfiledCodeHeapSize                     = 122912730                              {pd product} {ergonomic}
    uintx ReservedCodeCacheSize                    = 251658240                              {pd product} {ergonomic}
     bool SegmentedCodeCache                       = true                                      {product} {ergonomic}
   size_t SoftMaxHeapSize                          = 4284481536                             {manageable} {ergonomic}
     bool UseCompressedClassPointers               = true                           {product lp64_product} {ergonomic}
     bool UseCompressedOops                        = true                           {product lp64_product} {ergonomic}
     bool UseG1GC                                  = true                                      {product} {ergonomic}
     bool UseLargePagesIndividualAllocation        = false                                  {pd product} {ergonomic}

Logging:
Log output configuration:
 #0: stdout all=warning uptime,level,tags foldmultilines=false
 #1: stderr all=off uptime,level,tags foldmultilines=false

Environment Variables:
PATH=C:\WINDOWS\system32;C:\WINDOWS;C:\WINDOWS\System32\Wbem;C:\WINDOWS\System32\WindowsPowerShell\v1.0\;C:\WINDOWS\System32\OpenSSH\;C:\Program Files\jEdit;C:\Program Files\Git\cmd;C:\Users\vinny\AppData\Local\Microsoft\WindowsApps;;C:\Users\vinny\AppData\Local\Programs\Microsoft VS Code\bin
USERNAME=vinny
OS=Windows_NT
PROCESSOR_IDENTIFIER=Intel64 Family 6 Model 158 Stepping 9, GenuineIntel



---------------  S Y S T E M  ---------------

OS:
 Windows 10 , 64 bit Build 19041 (10.0.19041.1889)
OS uptime: 7 days 21:16 hours

CPU: total 4 (initial active 4) (4 cores per cpu, 1 threads per core) family 6 model 158 stepping 9 microcode 0xb4, cx8, cmov, fxsr, mmx, 3dnowpref, sse, sse2, sse3, ssse3, sse4.1, sse4.2, popcnt, lzcnt, tsc, tscinvbit, avx, avx2, aes, erms, clmul, bmi1, bmi2, rtm, adx, fma, vzeroupper, clflush, clflushopt

Memory: 4k page, system-wide physical 16342M (5863M free)
TotalPageFile size 24022M (AvailPageFile size 3749M)
current process WorkingSet (physical memory assigned to process): 53M, peak: 53M
current process commit charge ("private bytes"): 346M, peak: 346M

vm_info: OpenJDK 64-Bit Server VM (18.0.2+9-61) for windows-amd64 JRE (18.0.2+9-61), built on Jun  7 2022 13:05:59 by "mach5one" with MS VC++ 16.8 / 16.9 (VS2019)

END.
