#
# A fatal error has been detected by the Java Runtime Environment:
#
#  EXCEPTION_ACCESS_VIOLATION (0xc0000005) at pc=0x00007ffae18cc64d, pid=11344, tid=13244
#
# JRE version: OpenJDK Runtime Environment (18.0.2+9) (build 18.0.2+9-61)
# Java VM: OpenJDK 64-Bit Server VM (18.0.2+9-61, mixed mode, sharing, tiered, compressed oops, compressed class ptrs, g1 gc, windows-amd64)
# Problematic frame:
# C  [lwjgl_opengl.dll+0xc64d]
#
# No core dump will be written. Minidumps are not enabled by default on client versions of Windows
#
# If you would like to submit a bug report, please visit:
#   https://bugreport.java.com/bugreport/crash.jsp
# The crash happened outside the Java Virtual Machine in native code.
# See problematic frame for where to report the bug.
#

---------------  S U M M A R Y ------------

Command Line: -javaagent:D:\IntelliJ\IntelliJ IDEA Community Edition 2022.2\lib\idea_rt.jar=56514:D:\IntelliJ\IntelliJ IDEA Community Edition 2022.2\bin -Dfile.encoding=UTF-8 ShadowDimension.ShadowDimension

Host: Intel(R) Core(TM) i5-7600 CPU @ 3.50GHz, 4 cores, 15G,  Windows 10 , 64 bit Build 19041 (10.0.19041.1889)
Time: Thu Oct  6 17:27:25 2022 AUS Eastern Summer Time elapsed time: 0.269551 seconds (0d 0h 0m 0s)

---------------  T H R E A D  ---------------

Current thread (0x000001e45785db00):  JavaThread "main" [_thread_in_native, id=13244, stack(0x0000006b4f400000,0x0000006b4f500000)]

Stack: [0x0000006b4f400000,0x0000006b4f500000],  sp=0x0000006b4f4feac8,  free space=1018k
Native frames: (J=compiled Java code, j=interpreted, Vv=VM code, C=native code)
C  [lwjgl_opengl.dll+0xc64d]

Java frames: (J=compiled Java code, j=interpreted, Vv=VM code)
j  org.lwjgl.opengl.GL11C.nglGenTextures(IJ)V+0
j  org.lwjgl.opengl.GL11C.glGenTextures()I+20
j  org.lwjgl.opengl.GL11.glGenTextures()I+0
j  bagel.Texture.<init>(IILjava/nio/ByteBuffer;)V+21
j  bagel.InternalFont.<init>(Ljava/lang/String;I)V+231
j  bagel.TextureManager.getFont(Ljava/lang/String;I)Lbagel/InternalFont;+41
j  bagel.Font.<init>(Ljava/lang/String;I)V+7
j  ShadowDimension.Level.<init>()V+13
j  ShadowDimension.ShadowDimension.<clinit>()V+51
v  ~StubRoutines::call_stub

siginfo: EXCEPTION_ACCESS_VIOLATION (0xc0000005), reading address 0x00000000000002d8


Register to memory mapping:

RIP=0x00007ffae18cc64d lwjgl_opengl.dll
RAX=0x000001e47e32fa70 points into unknown readable memory: 0x0000000000000000 | 00 00 00 00 00 00 00 00
RBX={method} {0x000001e47a542b98} 'nglGenTextures' '(IJ)V' in 'org/lwjgl/opengl/GL11C'
RCX=0x0000000000000001 is an unknown value
RDX=0x000001e47e35adec points into unknown readable memory: 00 00 00 00
RSP=0x0000006b4f4feac8 is pointing into the stack for thread: 0x000001e45785db00
RBP=0x0000006b4f4feb58 is pointing into the stack for thread: 0x000001e45785db00
RSI=0x000001e47a137388 is pointing into metadata
RDI=0x000001e45f1a95cd is at code_begin+1325 in an Interpreter codelet
return entry points  [0x000001e45f1a90a0, 0x000001e45f1a9ba0]  2816 bytes
R8 =0x0000000000000001 is an unknown value
R9 =0x000001e47e35adec points into unknown readable memory: 00 00 00 00
R10=0x0 is NULL
R11=0x00000007105d0bf8 is an oop: java.lang.Class 
{0x00000007105d0bf8} - klass: 'java/lang/Class'
 - ---- fields (total size 116 words):
 - private volatile transient 'classRedefinedCount' 'I' @12  0
 - abstract internal 'klass' 'J' @16  34372424136 (c191c8 8)
 - abstract internal 'array_klass' 'J' @24  0 (0 0)
 - abstract internal 'oop_size' 'I' @32  116 (74)
 - abstract internal 'static_oop_field_count' 'I' @36  0
 - private volatile transient 'cachedConstructor' 'Ljava/lang/reflect/Constructor;' @40  NULL (0)
 - private transient 'name' 'Ljava/lang/String;' @44  "org.lwjgl.opengl.GL11C"{0x00000007105d0fa8} (e20ba1f5)
 - private transient 'module' 'Ljava/lang/Module;' @48  a 'java/lang/Module'{0x00000007108a84e8} (e211509d)
 - private final 'classLoader' 'Ljava/lang/ClassLoader;' @52  a 'jdk/internal/loader/ClassLoaders$AppClassLoader'{0x00000007108a8328} (e2115065)
 - private transient 'classData' 'Ljava/lang/Object;' @56  NULL (0)
 - private transient 'packageName' 'Ljava/lang/String;' @60  "org.lwjgl.opengl"{0x000000071052b038} (e20a5607)
 - private final 'componentType' 'Ljava/lang/Class;' @64  NULL (0)
 - private volatile transient 'reflectionData' 'Ljava/lang/ref/SoftReference;' @68  NULL (0)
 - private volatile transient 'genericInfo' 'Lsun/reflect/generics/repository/ClassRepository;' @72  NULL (0)
 - private volatile transient 'enumConstants' '[Ljava/lang/Object;' @76  NULL (0)
 - private volatile transient 'enumConstantDirectory' 'Ljava/util/Map;' @80  NULL (0)
 - private volatile transient 'annotationData' 'Ljava/lang/Class$AnnotationData;' @84  NULL (0)
 - private volatile transient 'annotationType' 'Lsun/reflect/annotation/AnnotationType;' @88  NULL (0)
 - transient 'classValueMap' 'Ljava/lang/ClassValue$ClassValueMap;' @92  NULL (0)
 - abstract internal 'protection_domain' 'Ljava/lang/Object;' @96  a 'java/security/ProtectionDomain'{0x0000000710536d40} (e20a6da8)
 - abstract internal 'signers_name' 'Ljava/lang/Object;' @100  NULL (0)
 - abstract internal 'source_file' 'Ljava/lang/Object;' @104  NULL (0)
 - signature: Lorg/lwjgl/opengl/GL11C;
 - ---- static fields (0):
 - public static final 'GL_NEVER' 'I' @112  512 (200)
 - public static final 'GL_LESS' 'I' @116  513 (201)
 - public static final 'GL_EQUAL' 'I' @120  514 (202)
 - public static final 'GL_LEQUAL' 'I' @124  515 (203)
 - public static final 'GL_GREATER' 'I' @128  516 (204)
 - public static final 'GL_NOTEQUAL' 'I' @132  517 (205)
 - public static final 'GL_GEQUAL' 'I' @136  518 (206)
 - public static final 'GL_ALWAYS' 'I' @140  519 (207)
 - public static final 'GL_DEPTH_BUFFER_BIT' 'I' @144  256 (100)
 - public static final 'GL_STENCIL_BUFFER_BIT' 'I' @148  1024 (400)
 - public static final 'GL_COLOR_BUFFER_BIT' 'I' @152  16384 (4000)
 - public static final 'GL_POINTS' 'I' @156  0
 - public static final 'GL_LINES' 'I' @160  1
 - public static final 'GL_LINE_LOOP' 'I' @164  2
 - public static final 'GL_LINE_STRIP' 'I' @168  3
 - public static final 'GL_TRIANGLES' 'I' @172  4
 - public static final 'GL_TRIANGLE_STRIP' 'I' @176  5
 - public static final 'GL_TRIANGLE_FAN' 'I' @180  6
 - public static final 'GL_QUADS' 'I' @184  7
 - public static final 'GL_ZERO' 'I' @188  0
 - public static final 'GL_ONE' 'I' @192  1
 - public static final 'GL_SRC_COLOR' 'I' @196  768 (300)
 - public static final 'GL_ONE_MINUS_SRC_COLOR' 'I' @200  769 (301)
 - public static final 'GL_SRC_ALPHA' 'I' @204  770 (302)
 - public static final 'GL_ONE_MINUS_SRC_ALPHA' 'I' @208  771 (303)
 - public static final 'GL_DST_ALPHA' 'I' @212  772 (304)
 - public static final 'GL_ONE_MINUS_DST_ALPHA' 'I' @216  773 (305)
 - public static final 'GL_DST_COLOR' 'I' @220  774 (306)
 - public static final 'GL_ONE_MINUS_DST_COLOR' 'I' @224  775 (307)
 - public static final 'GL_SRC_ALPHA_SATURATE' 'I' @228  776 (308)
 - public static final 'GL_TRUE' 'I' @232  1
 - public static final 'GL_FALSE' 'I' @236  0
 - public static final 'GL_BYTE' 'I' @240  5120 (1400)
 - public static final 'GL_UNSIGNED_BYTE' 'I' @244  5121 (1401)
 - public static final 'GL_SHORT' 'I' @248  5122 (1402)
 - public static final 'GL_UNSIGNED_SHORT' 'I' @252  5123 (1403)
 - public static final 'GL_INT' 'I' @256  5124 (1404)
 - public static final 'GL_UNSIGNED_INT' 'I' @260  5125 (1405)
 - public static final 'GL_FLOAT' 'I' @264  5126 (1406)
 - public static final 'GL_DOUBLE' 'I' @268  5130 (140a)
 - public static final 'GL_NONE' 'I' @272  0
 - public static final 'GL_FRONT_LEFT' 'I' @276  1024 (400)
 - public static final 'GL_FRONT_RIGHT' 'I' @280  1025 (401)
 - public static final 'GL_BACK_LEFT' 'I' @284  1026 (402)
 - public static final 'GL_BACK_RIGHT' 'I' @288  1027 (403)
 - public static final 'GL_FRONT' 'I' @292  1028 (404)
 - public static final 'GL_BACK' 'I' @296  1029 (405)
 - public static final 'GL_LEFT' 'I' @300  1030 (406)
 - public static final 'GL_RIGHT' 'I' @304  1031 (407)
 - public static final 'GL_FRONT_AND_BACK' 'I' @308  1032 (408)
 - public static final 'GL_NO_ERROR' 'I' @312  0
 - public static final 'GL_INVALID_ENUM' 'I' @316  1280 (500)
 - public static final 'GL_INVALID_VALUE' 'I' @320  1281 (501)
 - public static final 'GL_INVALID_OPERATION' 'I' @324  1282 (502)
 - public static final 'GL_STACK_OVERFLOW' 'I' @328  1283 (503)
 - public static final 'GL_STACK_UNDERFLOW' 'I' @332  1284 (504)
 - public static final 'GL_OUT_OF_MEMORY' 'I' @336  1285 (505)
 - public static final 'GL_CW' 'I' @340  2304 (900)
 - public static final 'GL_CCW' 'I' @344  2305 (901)
 - public static final 'GL_POINT_SIZE' 'I' @348  2833 (b11)
 - public static final 'GL_POINT_SIZE_RANGE' 'I' @352  2834 (b12)
 - public static final 'GL_POINT_SIZE_GRANULARITY' 'I' @356  2835 (b13)
 - public static final 'GL_LINE_SMOOTH' 'I' @360  2848 (b20)
 - public static final 'GL_LINE_WIDTH' 'I' @364  2849 (b21)
 - public static final 'GL_LINE_WIDTH_RANGE' 'I' @368  2850 (b22)
 - public static final 'GL_LINE_WIDTH_GRANULARITY' 'I' @372  2851 (b23)
 - public static final 'GL_POLYGON_MODE' 'I' @376  2880 (b40)
 - public static final 'GL_POLYGON_SMOOTH' 'I' @380  2881 (b41)
 - public static final 'GL_CULL_FACE' 'I' @384  2884 (b44)
 - public static final 'GL_CULL_FACE_MODE' 'I' @388  2885 (b45)
 - public static final 'GL_FRONT_FACE' 'I' @392  2886 (b46)
 - public static final 'GL_DEPTH_RANGE' 'I' @396  2928 (b70)
 - public static final 'GL_DEPTH_TEST' 'I' @400  2929 (b71)
 - public static final 'GL_DEPTH_WRITEMASK' 'I' @404  2930 (b72)
 - public static final 'GL_DEPTH_CLEAR_VALUE' 'I' @408  2931 (b73)
 - public static final 'GL_DEPTH_FUNC' 'I' @412  2932 (b74)
 - public static final 'GL_STENCIL_TEST' 'I' @416  2960 (b90)
 - public static final 'GL_STENCIL_CLEAR_VALUE' 'I' @420  2961 (b91)
 - public static final 'GL_STENCIL_FUNC' 'I' @424  2962 (b92)
 - public static final 'GL_STENCIL_VALUE_MASK' 'I' @428  2963 (b93)
 - public static final 'GL_STENCIL_FAIL' 'I' @432  2964 (b94)
 - public static final 'GL_STENCIL_PASS_DEPTH_FAIL' 'I' @436  2965 (b95)
 - public static final 'GL_STENCIL_PASS_DEPTH_PASS' 'I' @440  2966 (b96)
 - public static final 'GL_STENCIL_REF' 'I' @444  2967 (b97)
 - public static final 'GL_STENCIL_WRITEMASK' 'I' @448  2968 (b98)
 - public static final 'GL_VIEWPORT' 'I' @452  2978 (ba2)
 - public static final 'GL_DITHER' 'I' @456  3024 (bd0)
 - public static final 'GL_BLEND_DST' 'I' @460  3040 (be0)
 - public static final 'GL_BLEND_SRC' 'I' @464  3041 (be1)
 - public static final 'GL_BLEND' 'I' @468  3042 (be2)
 - public static final 'GL_LOGIC_OP_MODE' 'I' @472  3056 (bf0)
 - public static final 'GL_COLOR_LOGIC_OP' 'I' @476  3058 (bf2)
 - public static final 'GL_DRAW_BUFFER' 'I' @480  3073 (c01)
 - public static final 'GL_READ_BUFFER' 'I' @484  3074 (c02)
 - public static final 'GL_SCISSOR_BOX' 'I' @488  3088 (c10)
 - public static final 'GL_SCISSOR_TEST' 'I' @492  3089 (c11)
 - public static final 'GL_COLOR_CLEAR_VALUE' 'I' @496  3106 (c22)
 - public static final 'GL_COLOR_WRITEMASK' 'I' @500  3107 (c23)
 - public static final 'GL_DOUBLEBUFFER' 'I' @504  3122 (c32)
 - public static final 'GL_STEREO' 'I' @508  3123 (c33)
 - public static final 'GL_LINE_SMOOTH_HINT' 'I' @512  3154 (c52)
 - public static final 'GL_POLYGON_SMOOTH_HINT' 'I' @516  3155 (c53)
 - public static final 'GL_UNPACK_SWAP_BYTES' 'I' @520  3312 (cf0)
 - public static final 'GL_UNPACK_LSB_FIRST' 'I' @524  3313 (cf1)
 - public static final 'GL_UNPACK_ROW_LENGTH' 'I' @528  3314 (cf2)
 - public static final 'GL_UNPACK_SKIP_ROWS' 'I' @532  3315 (cf3)
 - public static final 'GL_UNPACK_SKIP_PIXELS' 'I' @536  3316 (cf4)
 - public static final 'GL_UNPACK_ALIGNMENT' 'I' @540  3317 (cf5)
 - public static final 'GL_PACK_SWAP_BYTES' 'I' @544  3328 (d00)
 - public static final 'GL_PACK_LSB_FIRST' 'I' @548  3329 (d01)
 - public static final 'GL_PACK_ROW_LENGTH' 'I' @552  3330 (d02)
 - public static final 'GL_PACK_SKIP_ROWS' 'I' @556  3331 (d03)
 - public static final 'GL_PACK_SKIP_PIXELS' 'I' @560  3332 (d04)
 - public static final 'GL_PACK_ALIGNMENT' 'I' @564  3333 (d05)
 - public static final 'GL_MAX_TEXTURE_SIZE' 'I' @568  3379 (d33)
 - public static final 'GL_MAX_VIEWPORT_DIMS' 'I' @572  3386 (d3a)
 - public static final 'GL_SUBPIXEL_BITS' 'I' @576  3408 (d50)
 - public static final 'GL_TEXTURE_1D' 'I' @580  3552 (de0)
 - public static final 'GL_TEXTURE_2D' 'I' @584  3553 (de1)
 - public static final 'GL_TEXTURE_WIDTH' 'I' @588  4096 (1000)
 - public static final 'GL_TEXTURE_HEIGHT' 'I' @592  4097 (1001)
 - public static final 'GL_TEXTURE_INTERNAL_FORMAT' 'I' @596  4099 (1003)
 - public static final 'GL_TEXTURE_BORDER_COLOR' 'I' @600  4100 (1004)
 - public static final 'GL_DONT_CARE' 'I' @604  4352 (1100)
 - public static final 'GL_FASTEST' 'I' @608  4353 (1101)
 - public static final 'GL_NICEST' 'I' @612  4354 (1102)
 - public static final 'GL_CLEAR' 'I' @616  5376 (1500)
 - public static final 'GL_AND' 'I' @620  5377 (1501)
 - public static final 'GL_AND_REVERSE' 'I' @624  5378 (1502)
 - public static final 'GL_COPY' 'I' @628  5379 (1503)
 - public static final 'GL_AND_INVERTED' 'I' @632  5380 (1504)
 - public static final 'GL_NOOP' 'I' @636  5381 (1505)
 - public static final 'GL_XOR' 'I' @640  5382 (1506)
 - public static final 'GL_OR' 'I' @644  5383 (1507)
 - public static final 'GL_NOR' 'I' @648  5384 (1508)
 - public static final 'GL_EQUIV' 'I' @652  5385 (1509)
 - public static final 'GL_INVERT' 'I' @656  5386 (150a)
 - public static final 'GL_OR_REVERSE' 'I' @660  5387 (150b)
 - public static final 'GL_COPY_INVERTED' 'I' @664  5388 (150c)
 - public static final 'GL_OR_INVERTED' 'I' @668  5389 (150d)
 - public static final 'GL_NAND' 'I' @672  5390 (150e)
 - public static final 'GL_SET' 'I' @676  5391 (150f)
 - public static final 'GL_TEXTURE' 'I' @680  5890 (1702)
 - public static final 'GL_COLOR' 'I' @684  6144 (1800)
 - public static final 'GL_DEPTH' 'I' @688  6145 (1801)
 - public static final 'GL_STENCIL' 'I' @692  6146 (1802)
 - public static final 'GL_STENCIL_INDEX' 'I' @696  6401 (1901)
 - public static final 'GL_DEPTH_COMPONENT' 'I' @700  6402 (1902)
 - public static final 'GL_RED' 'I' @704  6403 (1903)
 - public static final 'GL_GREEN' 'I' @708  6404 (1904)
 - public static final 'GL_BLUE' 'I' @712  6405 (1905)
 - public static final 'GL_ALPHA' 'I' @716  6406 (1906)
 - public static final 'GL_RGB' 'I' @720  6407 (1907)
 - public static final 'GL_RGBA' 'I' @724  6408 (1908)
 - public static final 'GL_POINT' 'I' @728  6912 (1b00)
 - public static final 'GL_LINE' 'I' @732  6913 (1b01)
 - public static final 'GL_FILL' 'I' @736  6914 (1b02)
 - public static final 'GL_KEEP' 'I' @740  7680 (1e00)
 - public static final 'GL_REPLACE' 'I' @744  7681 (1e01)
 - public static final 'GL_INCR' 'I' @748  7682 (1e02)
 - public static final 'GL_DECR' 'I' @752  7683 (1e03)
 - public static final 'GL_VENDOR' 'I' @756  7936 (1f00)
 - public static final 'GL_RENDERER' 'I' @760  7937 (1f01)
 - public static final 'GL_VERSION' 'I' @764  7938 (1f02)
 - public static final 'GL_EXTENSIONS' 'I' @768  7939 (1f03)
 - public static final 'GL_NEAREST' 'I' @772  9728 (2600)
 - public static final 'GL_LINEAR' 'I' @776  9729 (2601)
 - public static final 'GL_NEAREST_MIPMAP_NEAREST' 'I' @780  9984 (2700)
 - public static final 'GL_LINEAR_MIPMAP_NEAREST' 'I' @784  9985 (2701)
 - public static final 'GL_NEAREST_MIPMAP_LINEAR' 'I' @788  9986 (2702)
 - public static final 'GL_LINEAR_MIPMAP_LINEAR' 'I' @792  9987 (2703)
 - public static final 'GL_TEXTURE_MAG_FILTER' 'I' @796  10240 (2800)
 - public static final 'GL_TEXTURE_MIN_FILTER' 'I' @800  10241 (2801)
 - public static final 'GL_TEXTURE_WRAP_S' 'I' @804  10242 (2802)
 - public static final 'GL_TEXTURE_WRAP_T' 'I' @808  10243 (2803)
 - public static final 'GL_REPEAT' 'I' @812  10497 (2901)
 - public static final 'GL_POLYGON_OFFSET_FACTOR' 'I' @816  32824 (8038)
 - public static final 'GL_POLYGON_OFFSET_UNITS' 'I' @820  10752 (2a00)
 - public static final 'GL_POLYGON_OFFSET_POINT' 'I' @824  10753 (2a01)
 - public static final 'GL_POLYGON_OFFSET_LINE' 'I' @828  10754 (2a02)
 - public static final 'GL_POLYGON_OFFSET_FILL' 'I' @832  32823 (8037)
 - public static final 'GL_R3_G3_B2' 'I' @836  10768 (2a10)
 - public static final 'GL_RGB4' 'I' @840  32847 (804f)
 - public static final 'GL_RGB5' 'I' @844  32848 (8050)
 - public static final 'GL_RGB8' 'I' @848  32849 (8051)
 - public static final 'GL_RGB10' 'I' @852  32850 (8052)
 - public static final 'GL_RGB12' 'I' @856  32851 (8053)
 - public static final 'GL_RGB16' 'I' @860  32852 (8054)
 - public static final 'GL_RGBA2' 'I' @864  32853 (8055)
 - public static final 'GL_RGBA4' 'I' @868  32854 (8056)
 - public static final 'GL_RGB5_A1' 'I' @872  32855 (8057)
 - public static final 'GL_RGBA8' 'I' @876  32856 (8058)
 - public static final 'GL_RGB10_A2' 'I' @880  32857 (8059)
 - public static final 'GL_RGBA12' 'I' @884  32858 (805a)
 - public static final 'GL_RGBA16' 'I' @888  32859 (805b)
 - public static final 'GL_TEXTURE_RED_SIZE' 'I' @892  32860 (805c)
 - public static final 'GL_TEXTURE_GREEN_SIZE' 'I' @896  32861 (805d)
 - public static final 'GL_TEXTURE_BLUE_SIZE' 'I' @900  32862 (805e)
 - public static final 'GL_TEXTURE_ALPHA_SIZE' 'I' @904  32863 (805f)
 - public static final 'GL_PROXY_TEXTURE_1D' 'I' @908  32867 (8063)
 - public static final 'GL_PROXY_TEXTURE_2D' 'I' @912  32868 (8064)
 - public static final 'GL_TEXTURE_BINDING_1D' 'I' @916  32872 (8068)
 - public static final 'GL_TEXTURE_BINDING_2D' 'I' @920  32873 (8069)
 - public static final 'GL_VERTEX_ARRAY' 'I' @924  32884 (8074)
R12=0x0 is NULL
R13={method} {0x000001e47a542b98} 'nglGenTextures' '(IJ)V' in 'org/lwjgl/opengl/GL11C'
R14=0x0000006b4f4feb88 is pointing into the stack for thread: 0x000001e45785db00
R15=0x000001e45785db00 is a thread


Registers:
RAX=0x000001e47e32fa70, RBX=0x000001e47a542b90, RCX=0x0000000000000001, RDX=0x000001e47e35adec
RSP=0x0000006b4f4feac8, RBP=0x0000006b4f4feb58, RSI=0x000001e47a137388, RDI=0x000001e45f1a95cd
R8 =0x0000000000000001, R9 =0x000001e47e35adec, R10=0x0000000000000000, R11=0x00000007105d0bf8
R12=0x0000000000000000, R13=0x000001e47a542b90, R14=0x0000006b4f4feb88, R15=0x000001e45785db00
RIP=0x00007ffae18cc64d, EFLAGS=0x0000000000010202

Top of Stack: (sp=0x0000006b4f4feac8)
0x0000006b4f4feac8:   000001e45f1ad621 000001e45f1a95cd
0x0000006b4f4fead8:   000001e45f1ad33c 000001e47a542b90
0x0000006b4f4feae8:   000001e47a137388 0000006b4f4feb08
0x0000006b4f4feaf8:   0000006b4f4feb70 000001e45f1a95cd
0x0000006b4f4feb08:   000001e45f1ad2f6 0000006b4f4feb10
0x0000006b4f4feb18:   000001e47a542b90 0000006b4f4feb88
0x0000006b4f4feb28:   000001e47a54eed0 0000000000000000
0x0000006b4f4feb38:   00000007105d0bf8 000001e47a542b90
0x0000006b4f4feb48:   0000000000000000 0000006b4f4feb78
0x0000006b4f4feb58:   0000006b4f4febd8 000001e45f1a94fe
0x0000006b4f4feb68:   00000007105d0bf8 000001e45f1aaf78
0x0000006b4f4feb78:   000001e47e35adec 0000000000000000
0x0000006b4f4feb88:   0000000000000001 0000006b4f4feb90
0x0000006b4f4feb98:   000001e47a542d04 0000006b4f4fec08
0x0000006b4f4feba8:   000001e47a54eed0 0000000000000000
0x0000006b4f4febb8:   00000007105d0bf8 000001e47a542d70 

Instructions: (pc=0x00007ffae18cc64d)
0x00007ffae18cc54d:   cc cc cc 48 8b 01 41 0f b6 c8 48 8b 50 18 48 ff
0x00007ffae18cc55d:   a2 d0 01 00 00 cc cc cc cc cc cc cc cc cc cc cc
0x00007ffae18cc56d:   cc cc cc 48 8b 01 0f 28 cb 0f 28 c2 48 8b 48 18
0x00007ffae18cc57d:   48 ff a1 d8 01 00 00 cc cc cc cc cc cc cc cc cc
0x00007ffae18cc58d:   cc cc cc 48 8b 01 45 8b d8 44 8b 44 24 28 41 8b
0x00007ffae18cc59d:   d1 41 8b cb 4c 8b 50 18 49 ff a2 e8 01 00 00 cc
0x00007ffae18cc5ad:   cc cc cc 48 8b 01 41 8b c8 48 8b 50 18 48 ff a2
0x00007ffae18cc5bd:   f0 01 00 00 cc cc cc cc cc cc cc cc cc cc cc cc
0x00007ffae18cc5cd:   cc cc cc 40 53 48 8b 01 41 8b d8 44 8b 44 24 30
0x00007ffae18cc5dd:   41 8b d1 4c 8b 4c 24 38 8b cb 4c 8b 50 18 5b 49
0x00007ffae18cc5ed:   ff a2 f8 01 00 00 cc cc cc cc cc cc cc cc cc cc
0x00007ffae18cc5fd:   cc cc cc 48 8b 01 48 8b 48 18 48 ff a1 98 02 00
0x00007ffae18cc60d:   00 cc cc 48 8b 01 48 8b 48 18 48 ff a1 a0 02 00
0x00007ffae18cc61d:   00 cc cc 48 8b 01 41 8b c8 48 8b 50 18 48 ff a2
0x00007ffae18cc62d:   c8 02 00 00 cc cc cc cc cc cc cc cc cc cc cc cc
0x00007ffae18cc63d:   cc cc cc 48 8b 01 49 8b d1 41 8b c8 4c 8b 50 18
0x00007ffae18cc64d:   49 ff a2 d8 02 00 00 cc cc cc cc cc cc cc cc cc
0x00007ffae18cc65d:   cc cc cc 48 8b 01 49 8b d1 41 8b c8 4c 8b 50 18
0x00007ffae18cc66d:   49 ff a2 e0 02 00 00 cc cc cc cc cc cc cc cc cc
0x00007ffae18cc67d:   cc cc cc 48 8b 01 49 8b d1 41 8b c8 4c 8b 50 18
0x00007ffae18cc68d:   49 ff a2 f0 02 00 00 cc cc cc cc cc cc cc cc cc
0x00007ffae18cc69d:   cc cc cc 48 8b 01 49 8b d1 41 8b c8 4c 8b 50 18
0x00007ffae18cc6ad:   49 ff a2 f8 02 00 00 cc cc cc cc cc cc cc cc cc
0x00007ffae18cc6bd:   cc cc cc 48 8b 01 49 8b d1 41 8b c8 4c 8b 50 18
0x00007ffae18cc6cd:   49 ff a2 00 03 00 00 cc cc cc cc cc cc cc cc cc
0x00007ffae18cc6dd:   cc cc cc 48 8b 01 49 8b d1 41 8b c8 4c 8b 50 18
0x00007ffae18cc6ed:   49 ff a2 08 03 00 00 cc cc cc cc cc cc cc cc cc
0x00007ffae18cc6fd:   cc cc cc 48 8b 01 48 8b 48 18 48 8b 81 10 03 00
0x00007ffae18cc70d:   00 48 ff e0 cc cc cc cc cc cc cc cc cc cc cc cc
0x00007ffae18cc71d:   cc cc cc 48 8b 01 49 8b d1 41 8b c8 4c 8b 50 18
0x00007ffae18cc72d:   49 ff a2 68 03 00 00 cc cc cc cc cc cc cc cc cc
0x00007ffae18cc73d:   cc cc cc 48 8b 01 48 8b 48 18 48 8b 81 78 03 00 


Stack slot to memory mapping:
stack at sp + 0 slots: 0x000001e45f1ad621 is at code_begin+993 in an Interpreter codelet
method entry point (kind = native)  [0x000001e45f1ad240, 0x000001e45f1adbc0]  2432 bytes
stack at sp + 1 slots: 0x000001e45f1a95cd is at code_begin+1325 in an Interpreter codelet
return entry points  [0x000001e45f1a90a0, 0x000001e45f1a9ba0]  2816 bytes
stack at sp + 2 slots: 0x000001e45f1ad33c is at code_begin+252 in an Interpreter codelet
method entry point (kind = native)  [0x000001e45f1ad240, 0x000001e45f1adbc0]  2432 bytes
stack at sp + 3 slots: {method} {0x000001e47a542b98} 'nglGenTextures' '(IJ)V' in 'org/lwjgl/opengl/GL11C'
stack at sp + 4 slots: 0x000001e47a137388 is pointing into metadata
stack at sp + 5 slots: 0x0000006b4f4feb08 is pointing into the stack for thread: 0x000001e45785db00
stack at sp + 6 slots: 0x0000006b4f4feb70 is pointing into the stack for thread: 0x000001e45785db00
stack at sp + 7 slots: 0x000001e45f1a95cd is at code_begin+1325 in an Interpreter codelet
return entry points  [0x000001e45f1a90a0, 0x000001e45f1a9ba0]  2816 bytes


---------------  P R O C E S S  ---------------

Threads class SMR info:
_java_thread_list=0x000001e47e216c20, length=13, elements={
0x000001e45785db00, 0x000001e479cbe790, 0x000001e479cbf3f0, 0x000001e479cda240,
0x000001e479cdabe0, 0x000001e479cdb580, 0x000001e479ce00c0, 0x000001e479cea630,
0x000001e479ced070, 0x000001e479d01270, 0x000001e479ca83b0, 0x000001e47e211180,
0x000001e47e2171d0
}

Java Threads: ( => current thread )
=>0x000001e45785db00 JavaThread "main" [_thread_in_native, id=13244, stack(0x0000006b4f400000,0x0000006b4f500000)]
  0x000001e479cbe790 JavaThread "Reference Handler" daemon [_thread_blocked, id=15160, stack(0x0000006b4fb00000,0x0000006b4fc00000)]
  0x000001e479cbf3f0 JavaThread "Finalizer" daemon [_thread_blocked, id=5876, stack(0x0000006b4fc00000,0x0000006b4fd00000)]
  0x000001e479cda240 JavaThread "Signal Dispatcher" daemon [_thread_blocked, id=18788, stack(0x0000006b4fd00000,0x0000006b4fe00000)]
  0x000001e479cdabe0 JavaThread "Attach Listener" daemon [_thread_blocked, id=16704, stack(0x0000006b4fe00000,0x0000006b4ff00000)]
  0x000001e479cdb580 JavaThread "Service Thread" daemon [_thread_blocked, id=16108, stack(0x0000006b4ff00000,0x0000006b50000000)]
  0x000001e479ce00c0 JavaThread "Monitor Deflation Thread" daemon [_thread_blocked, id=19432, stack(0x0000006b50000000,0x0000006b50100000)]
  0x000001e479cea630 JavaThread "C2 CompilerThread0" daemon [_thread_blocked, id=18376, stack(0x0000006b50100000,0x0000006b50200000)]
  0x000001e479ced070 JavaThread "C1 CompilerThread0" daemon [_thread_blocked, id=6132, stack(0x0000006b50200000,0x0000006b50300000)]
  0x000001e479d01270 JavaThread "Sweeper thread" daemon [_thread_blocked, id=19408, stack(0x0000006b50300000,0x0000006b50400000)]
  0x000001e479ca83b0 JavaThread "Common-Cleaner" daemon [_thread_blocked, id=12216, stack(0x0000006b50400000,0x0000006b50500000)]
  0x000001e47e211180 JavaThread "Monitor Ctrl-Break" daemon [_thread_in_native, id=10148, stack(0x0000006b50500000,0x0000006b50600000)]
  0x000001e47e2171d0 JavaThread "Notification Thread" daemon [_thread_blocked, id=5796, stack(0x0000006b50600000,0x0000006b50700000)]

Other Threads:
  0x000001e479cba170 VMThread "VM Thread" [stack: 0x0000006b4fa00000,0x0000006b4fb00000] [id=9380]
  0x000001e45785eaa0 WatcherThread "VM Periodic Task Thread" [stack: 0x0000006b50700000,0x0000006b50800000] [id=8460]
  0x000001e4578cf580 WorkerThread "GC Thread#0" [stack: 0x0000006b4f500000,0x0000006b4f600000] [id=17388]
  0x000001e4578e1810 ConcurrentGCThread "G1 Main Marker" [stack: 0x0000006b4f600000,0x0000006b4f700000] [id=14116]
  0x000001e4578e2200 WorkerThread "G1 Conc#0" [stack: 0x0000006b4f700000,0x0000006b4f800000] [id=12564]
  0x000001e457924b30 ConcurrentGCThread "G1 Refine#0" [stack: 0x0000006b4f800000,0x0000006b4f900000] [id=10636]
  0x000001e457925440 ConcurrentGCThread "G1 Service" [stack: 0x0000006b4f900000,0x0000006b4fa00000] [id=1548]

Threads with active compile tasks:

VM state: not at safepoint (normal execution)

VM Mutex/Monitor currently owned by a thread: None

Heap address: 0x0000000700a00000, size: 4086 MB, Compressed Oops mode: Zero based, Oop shift amount: 3

CDS archive(s) mapped at: [0x0000000800000000-0x0000000800ba0000-0x0000000800ba0000), size 12189696, SharedBaseAddress: 0x0000000800000000, ArchiveRelocationMode: 0.
Compressed class space mapped at: 0x0000000800c00000-0x0000000840c00000, reserved size: 1073741824
Narrow klass base: 0x0000000800000000, Narrow klass shift: 0, Narrow klass range: 0x100000000

GC Precious Log:
 CardTable entry size: 512
 Card Set container configuration: InlinePtr #cards 4 size 8 Array Of Cards #cards 16 size 48 Howl #buckets 8 coarsen threshold 3686 Howl Bitmap #cards 512 size 80 coarsen threshold 460 Card regions per heap region 1 cards per card region 4096
 CPUs: 4 total, 4 available
 Memory: 16342M
 Large Page Support: Disabled
 NUMA Support: Disabled
 Compressed Oops: Enabled (Zero based)
 Heap Region Size: 2M
 Heap Min Capacity: 8M
 Heap Initial Capacity: 256M
 Heap Max Capacity: 4086M
 Pre-touch: Disabled
 Parallel Workers: 4
 Concurrent Workers: 1
 Concurrent Refinement Workers: 4
 Periodic GC: Disabled

Heap:
 garbage-first heap   total 262144K, used 4096K [0x0000000700a00000, 0x0000000800000000)
  region size 2048K, 3 young (6144K), 0 survivors (0K)
 Metaspace       used 2845K, committed 3008K, reserved 1114112K
  class space    used 189K, committed 256K, reserved 1048576K

Heap Regions: E=young(eden), S=young(survivor), O=old, HS=humongous(starts), HC=humongous(continues), CS=collection set, F=free, OA=open archive, CA=closed archive, TAMS=top-at-mark-start (previous, next)
|   0|0x0000000700a00000, 0x0000000700a00000, 0x0000000700c00000|  0%| F|  |TAMS 0x0000000700a00000, 0x0000000700a00000| Untracked 
|   1|0x0000000700c00000, 0x0000000700c00000, 0x0000000700e00000|  0%| F|  |TAMS 0x0000000700c00000, 0x0000000700c00000| Untracked 
|   2|0x0000000700e00000, 0x0000000700e00000, 0x0000000701000000|  0%| F|  |TAMS 0x0000000700e00000, 0x0000000700e00000| Untracked 
|   3|0x0000000701000000, 0x0000000701000000, 0x0000000701200000|  0%| F|  |TAMS 0x0000000701000000, 0x0000000701000000| Untracked 
|   4|0x0000000701200000, 0x0000000701200000, 0x0000000701400000|  0%| F|  |TAMS 0x0000000701200000, 0x0000000701200000| Untracked 
|   5|0x0000000701400000, 0x0000000701400000, 0x0000000701600000|  0%| F|  |TAMS 0x0000000701400000, 0x0000000701400000| Untracked 
|   6|0x0000000701600000, 0x0000000701600000, 0x0000000701800000|  0%| F|  |TAMS 0x0000000701600000, 0x0000000701600000| Untracked 
|   7|0x0000000701800000, 0x0000000701800000, 0x0000000701a00000|  0%| F|  |TAMS 0x0000000701800000, 0x0000000701800000| Untracked 
|   8|0x0000000701a00000, 0x0000000701a00000, 0x0000000701c00000|  0%| F|  |TAMS 0x0000000701a00000, 0x0000000701a00000| Untracked 
|   9|0x0000000701c00000, 0x0000000701c00000, 0x0000000701e00000|  0%| F|  |TAMS 0x0000000701c00000, 0x0000000701c00000| Untracked 
|  10|0x0000000701e00000, 0x0000000701e00000, 0x0000000702000000|  0%| F|  |TAMS 0x0000000701e00000, 0x0000000701e00000| Untracked 
|  11|0x0000000702000000, 0x0000000702000000, 0x0000000702200000|  0%| F|  |TAMS 0x0000000702000000, 0x0000000702000000| Untracked 
|  12|0x0000000702200000, 0x0000000702200000, 0x0000000702400000|  0%| F|  |TAMS 0x0000000702200000, 0x0000000702200000| Untracked 
|  13|0x0000000702400000, 0x0000000702400000, 0x0000000702600000|  0%| F|  |TAMS 0x0000000702400000, 0x0000000702400000| Untracked 
|  14|0x0000000702600000, 0x0000000702600000, 0x0000000702800000|  0%| F|  |TAMS 0x0000000702600000, 0x0000000702600000| Untracked 
|  15|0x0000000702800000, 0x0000000702800000, 0x0000000702a00000|  0%| F|  |TAMS 0x0000000702800000, 0x0000000702800000| Untracked 
|  16|0x0000000702a00000, 0x0000000702a00000, 0x0000000702c00000|  0%| F|  |TAMS 0x0000000702a00000, 0x0000000702a00000| Untracked 
|  17|0x0000000702c00000, 0x0000000702c00000, 0x0000000702e00000|  0%| F|  |TAMS 0x0000000702c00000, 0x0000000702c00000| Untracked 
|  18|0x0000000702e00000, 0x0000000702e00000, 0x0000000703000000|  0%| F|  |TAMS 0x0000000702e00000, 0x0000000702e00000| Untracked 
|  19|0x0000000703000000, 0x0000000703000000, 0x0000000703200000|  0%| F|  |TAMS 0x0000000703000000, 0x0000000703000000| Untracked 
|  20|0x0000000703200000, 0x0000000703200000, 0x0000000703400000|  0%| F|  |TAMS 0x0000000703200000, 0x0000000703200000| Untracked 
|  21|0x0000000703400000, 0x0000000703400000, 0x0000000703600000|  0%| F|  |TAMS 0x0000000703400000, 0x0000000703400000| Untracked 
|  22|0x0000000703600000, 0x0000000703600000, 0x0000000703800000|  0%| F|  |TAMS 0x0000000703600000, 0x0000000703600000| Untracked 
|  23|0x0000000703800000, 0x0000000703800000, 0x0000000703a00000|  0%| F|  |TAMS 0x0000000703800000, 0x0000000703800000| Untracked 
|  24|0x0000000703a00000, 0x0000000703a00000, 0x0000000703c00000|  0%| F|  |TAMS 0x0000000703a00000, 0x0000000703a00000| Untracked 
|  25|0x0000000703c00000, 0x0000000703c00000, 0x0000000703e00000|  0%| F|  |TAMS 0x0000000703c00000, 0x0000000703c00000| Untracked 
|  26|0x0000000703e00000, 0x0000000703e00000, 0x0000000704000000|  0%| F|  |TAMS 0x0000000703e00000, 0x0000000703e00000| Untracked 
|  27|0x0000000704000000, 0x0000000704000000, 0x0000000704200000|  0%| F|  |TAMS 0x0000000704000000, 0x0000000704000000| Untracked 
|  28|0x0000000704200000, 0x0000000704200000, 0x0000000704400000|  0%| F|  |TAMS 0x0000000704200000, 0x0000000704200000| Untracked 
|  29|0x0000000704400000, 0x0000000704400000, 0x0000000704600000|  0%| F|  |TAMS 0x0000000704400000, 0x0000000704400000| Untracked 
|  30|0x0000000704600000, 0x0000000704600000, 0x0000000704800000|  0%| F|  |TAMS 0x0000000704600000, 0x0000000704600000| Untracked 
|  31|0x0000000704800000, 0x0000000704800000, 0x0000000704a00000|  0%| F|  |TAMS 0x0000000704800000, 0x0000000704800000| Untracked 
|  32|0x0000000704a00000, 0x0000000704a00000, 0x0000000704c00000|  0%| F|  |TAMS 0x0000000704a00000, 0x0000000704a00000| Untracked 
|  33|0x0000000704c00000, 0x0000000704c00000, 0x0000000704e00000|  0%| F|  |TAMS 0x0000000704c00000, 0x0000000704c00000| Untracked 
|  34|0x0000000704e00000, 0x0000000704e00000, 0x0000000705000000|  0%| F|  |TAMS 0x0000000704e00000, 0x0000000704e00000| Untracked 
|  35|0x0000000705000000, 0x0000000705000000, 0x0000000705200000|  0%| F|  |TAMS 0x0000000705000000, 0x0000000705000000| Untracked 
|  36|0x0000000705200000, 0x0000000705200000, 0x0000000705400000|  0%| F|  |TAMS 0x0000000705200000, 0x0000000705200000| Untracked 
|  37|0x0000000705400000, 0x0000000705400000, 0x0000000705600000|  0%| F|  |TAMS 0x0000000705400000, 0x0000000705400000| Untracked 
|  38|0x0000000705600000, 0x0000000705600000, 0x0000000705800000|  0%| F|  |TAMS 0x0000000705600000, 0x0000000705600000| Untracked 
|  39|0x0000000705800000, 0x0000000705800000, 0x0000000705a00000|  0%| F|  |TAMS 0x0000000705800000, 0x0000000705800000| Untracked 
|  40|0x0000000705a00000, 0x0000000705a00000, 0x0000000705c00000|  0%| F|  |TAMS 0x0000000705a00000, 0x0000000705a00000| Untracked 
|  41|0x0000000705c00000, 0x0000000705c00000, 0x0000000705e00000|  0%| F|  |TAMS 0x0000000705c00000, 0x0000000705c00000| Untracked 
|  42|0x0000000705e00000, 0x0000000705e00000, 0x0000000706000000|  0%| F|  |TAMS 0x0000000705e00000, 0x0000000705e00000| Untracked 
|  43|0x0000000706000000, 0x0000000706000000, 0x0000000706200000|  0%| F|  |TAMS 0x0000000706000000, 0x0000000706000000| Untracked 
|  44|0x0000000706200000, 0x0000000706200000, 0x0000000706400000|  0%| F|  |TAMS 0x0000000706200000, 0x0000000706200000| Untracked 
|  45|0x0000000706400000, 0x0000000706400000, 0x0000000706600000|  0%| F|  |TAMS 0x0000000706400000, 0x0000000706400000| Untracked 
|  46|0x0000000706600000, 0x0000000706600000, 0x0000000706800000|  0%| F|  |TAMS 0x0000000706600000, 0x0000000706600000| Untracked 
|  47|0x0000000706800000, 0x0000000706800000, 0x0000000706a00000|  0%| F|  |TAMS 0x0000000706800000, 0x0000000706800000| Untracked 
|  48|0x0000000706a00000, 0x0000000706a00000, 0x0000000706c00000|  0%| F|  |TAMS 0x0000000706a00000, 0x0000000706a00000| Untracked 
|  49|0x0000000706c00000, 0x0000000706c00000, 0x0000000706e00000|  0%| F|  |TAMS 0x0000000706c00000, 0x0000000706c00000| Untracked 
|  50|0x0000000706e00000, 0x0000000706e00000, 0x0000000707000000|  0%| F|  |TAMS 0x0000000706e00000, 0x0000000706e00000| Untracked 
|  51|0x0000000707000000, 0x0000000707000000, 0x0000000707200000|  0%| F|  |TAMS 0x0000000707000000, 0x0000000707000000| Untracked 
|  52|0x0000000707200000, 0x0000000707200000, 0x0000000707400000|  0%| F|  |TAMS 0x0000000707200000, 0x0000000707200000| Untracked 
|  53|0x0000000707400000, 0x0000000707400000, 0x0000000707600000|  0%| F|  |TAMS 0x0000000707400000, 0x0000000707400000| Untracked 
|  54|0x0000000707600000, 0x0000000707600000, 0x0000000707800000|  0%| F|  |TAMS 0x0000000707600000, 0x0000000707600000| Untracked 
|  55|0x0000000707800000, 0x0000000707800000, 0x0000000707a00000|  0%| F|  |TAMS 0x0000000707800000, 0x0000000707800000| Untracked 
|  56|0x0000000707a00000, 0x0000000707a00000, 0x0000000707c00000|  0%| F|  |TAMS 0x0000000707a00000, 0x0000000707a00000| Untracked 
|  57|0x0000000707c00000, 0x0000000707c00000, 0x0000000707e00000|  0%| F|  |TAMS 0x0000000707c00000, 0x0000000707c00000| Untracked 
|  58|0x0000000707e00000, 0x0000000707e00000, 0x0000000708000000|  0%| F|  |TAMS 0x0000000707e00000, 0x0000000707e00000| Untracked 
|  59|0x0000000708000000, 0x0000000708000000, 0x0000000708200000|  0%| F|  |TAMS 0x0000000708000000, 0x0000000708000000| Untracked 
|  60|0x0000000708200000, 0x0000000708200000, 0x0000000708400000|  0%| F|  |TAMS 0x0000000708200000, 0x0000000708200000| Untracked 
|  61|0x0000000708400000, 0x0000000708400000, 0x0000000708600000|  0%| F|  |TAMS 0x0000000708400000, 0x0000000708400000| Untracked 
|  62|0x0000000708600000, 0x0000000708600000, 0x0000000708800000|  0%| F|  |TAMS 0x0000000708600000, 0x0000000708600000| Untracked 
|  63|0x0000000708800000, 0x0000000708800000, 0x0000000708a00000|  0%| F|  |TAMS 0x0000000708800000, 0x0000000708800000| Untracked 
|  64|0x0000000708a00000, 0x0000000708a00000, 0x0000000708c00000|  0%| F|  |TAMS 0x0000000708a00000, 0x0000000708a00000| Untracked 
|  65|0x0000000708c00000, 0x0000000708c00000, 0x0000000708e00000|  0%| F|  |TAMS 0x0000000708c00000, 0x0000000708c00000| Untracked 
|  66|0x0000000708e00000, 0x0000000708e00000, 0x0000000709000000|  0%| F|  |TAMS 0x0000000708e00000, 0x0000000708e00000| Untracked 
|  67|0x0000000709000000, 0x0000000709000000, 0x0000000709200000|  0%| F|  |TAMS 0x0000000709000000, 0x0000000709000000| Untracked 
|  68|0x0000000709200000, 0x0000000709200000, 0x0000000709400000|  0%| F|  |TAMS 0x0000000709200000, 0x0000000709200000| Untracked 
|  69|0x0000000709400000, 0x0000000709400000, 0x0000000709600000|  0%| F|  |TAMS 0x0000000709400000, 0x0000000709400000| Untracked 
|  70|0x0000000709600000, 0x0000000709600000, 0x0000000709800000|  0%| F|  |TAMS 0x0000000709600000, 0x0000000709600000| Untracked 
|  71|0x0000000709800000, 0x0000000709800000, 0x0000000709a00000|  0%| F|  |TAMS 0x0000000709800000, 0x0000000709800000| Untracked 
|  72|0x0000000709a00000, 0x0000000709a00000, 0x0000000709c00000|  0%| F|  |TAMS 0x0000000709a00000, 0x0000000709a00000| Untracked 
|  73|0x0000000709c00000, 0x0000000709c00000, 0x0000000709e00000|  0%| F|  |TAMS 0x0000000709c00000, 0x0000000709c00000| Untracked 
|  74|0x0000000709e00000, 0x0000000709e00000, 0x000000070a000000|  0%| F|  |TAMS 0x0000000709e00000, 0x0000000709e00000| Untracked 
|  75|0x000000070a000000, 0x000000070a000000, 0x000000070a200000|  0%| F|  |TAMS 0x000000070a000000, 0x000000070a000000| Untracked 
|  76|0x000000070a200000, 0x000000070a200000, 0x000000070a400000|  0%| F|  |TAMS 0x000000070a200000, 0x000000070a200000| Untracked 
|  77|0x000000070a400000, 0x000000070a400000, 0x000000070a600000|  0%| F|  |TAMS 0x000000070a400000, 0x000000070a400000| Untracked 
|  78|0x000000070a600000, 0x000000070a600000, 0x000000070a800000|  0%| F|  |TAMS 0x000000070a600000, 0x000000070a600000| Untracked 
|  79|0x000000070a800000, 0x000000070a800000, 0x000000070aa00000|  0%| F|  |TAMS 0x000000070a800000, 0x000000070a800000| Untracked 
|  80|0x000000070aa00000, 0x000000070aa00000, 0x000000070ac00000|  0%| F|  |TAMS 0x000000070aa00000, 0x000000070aa00000| Untracked 
|  81|0x000000070ac00000, 0x000000070ac00000, 0x000000070ae00000|  0%| F|  |TAMS 0x000000070ac00000, 0x000000070ac00000| Untracked 
|  82|0x000000070ae00000, 0x000000070ae00000, 0x000000070b000000|  0%| F|  |TAMS 0x000000070ae00000, 0x000000070ae00000| Untracked 
|  83|0x000000070b000000, 0x000000070b000000, 0x000000070b200000|  0%| F|  |TAMS 0x000000070b000000, 0x000000070b000000| Untracked 
|  84|0x000000070b200000, 0x000000070b200000, 0x000000070b400000|  0%| F|  |TAMS 0x000000070b200000, 0x000000070b200000| Untracked 
|  85|0x000000070b400000, 0x000000070b400000, 0x000000070b600000|  0%| F|  |TAMS 0x000000070b400000, 0x000000070b400000| Untracked 
|  86|0x000000070b600000, 0x000000070b600000, 0x000000070b800000|  0%| F|  |TAMS 0x000000070b600000, 0x000000070b600000| Untracked 
|  87|0x000000070b800000, 0x000000070b800000, 0x000000070ba00000|  0%| F|  |TAMS 0x000000070b800000, 0x000000070b800000| Untracked 
|  88|0x000000070ba00000, 0x000000070ba00000, 0x000000070bc00000|  0%| F|  |TAMS 0x000000070ba00000, 0x000000070ba00000| Untracked 
|  89|0x000000070bc00000, 0x000000070bc00000, 0x000000070be00000|  0%| F|  |TAMS 0x000000070bc00000, 0x000000070bc00000| Untracked 
|  90|0x000000070be00000, 0x000000070be00000, 0x000000070c000000|  0%| F|  |TAMS 0x000000070be00000, 0x000000070be00000| Untracked 
|  91|0x000000070c000000, 0x000000070c000000, 0x000000070c200000|  0%| F|  |TAMS 0x000000070c000000, 0x000000070c000000| Untracked 
|  92|0x000000070c200000, 0x000000070c200000, 0x000000070c400000|  0%| F|  |TAMS 0x000000070c200000, 0x000000070c200000| Untracked 
|  93|0x000000070c400000, 0x000000070c400000, 0x000000070c600000|  0%| F|  |TAMS 0x000000070c400000, 0x000000070c400000| Untracked 
|  94|0x000000070c600000, 0x000000070c600000, 0x000000070c800000|  0%| F|  |TAMS 0x000000070c600000, 0x000000070c600000| Untracked 
|  95|0x000000070c800000, 0x000000070c800000, 0x000000070ca00000|  0%| F|  |TAMS 0x000000070c800000, 0x000000070c800000| Untracked 
|  96|0x000000070ca00000, 0x000000070ca00000, 0x000000070cc00000|  0%| F|  |TAMS 0x000000070ca00000, 0x000000070ca00000| Untracked 
|  97|0x000000070cc00000, 0x000000070cc00000, 0x000000070ce00000|  0%| F|  |TAMS 0x000000070cc00000, 0x000000070cc00000| Untracked 
|  98|0x000000070ce00000, 0x000000070ce00000, 0x000000070d000000|  0%| F|  |TAMS 0x000000070ce00000, 0x000000070ce00000| Untracked 
|  99|0x000000070d000000, 0x000000070d000000, 0x000000070d200000|  0%| F|  |TAMS 0x000000070d000000, 0x000000070d000000| Untracked 
| 100|0x000000070d200000, 0x000000070d200000, 0x000000070d400000|  0%| F|  |TAMS 0x000000070d200000, 0x000000070d200000| Untracked 
| 101|0x000000070d400000, 0x000000070d400000, 0x000000070d600000|  0%| F|  |TAMS 0x000000070d400000, 0x000000070d400000| Untracked 
| 102|0x000000070d600000, 0x000000070d600000, 0x000000070d800000|  0%| F|  |TAMS 0x000000070d600000, 0x000000070d600000| Untracked 
| 103|0x000000070d800000, 0x000000070d800000, 0x000000070da00000|  0%| F|  |TAMS 0x000000070d800000, 0x000000070d800000| Untracked 
| 104|0x000000070da00000, 0x000000070da00000, 0x000000070dc00000|  0%| F|  |TAMS 0x000000070da00000, 0x000000070da00000| Untracked 
| 105|0x000000070dc00000, 0x000000070dc00000, 0x000000070de00000|  0%| F|  |TAMS 0x000000070dc00000, 0x000000070dc00000| Untracked 
| 106|0x000000070de00000, 0x000000070de00000, 0x000000070e000000|  0%| F|  |TAMS 0x000000070de00000, 0x000000070de00000| Untracked 
| 107|0x000000070e000000, 0x000000070e000000, 0x000000070e200000|  0%| F|  |TAMS 0x000000070e000000, 0x000000070e000000| Untracked 
| 108|0x000000070e200000, 0x000000070e200000, 0x000000070e400000|  0%| F|  |TAMS 0x000000070e200000, 0x000000070e200000| Untracked 
| 109|0x000000070e400000, 0x000000070e400000, 0x000000070e600000|  0%| F|  |TAMS 0x000000070e400000, 0x000000070e400000| Untracked 
| 110|0x000000070e600000, 0x000000070e600000, 0x000000070e800000|  0%| F|  |TAMS 0x000000070e600000, 0x000000070e600000| Untracked 
| 111|0x000000070e800000, 0x000000070e800000, 0x000000070ea00000|  0%| F|  |TAMS 0x000000070e800000, 0x000000070e800000| Untracked 
| 112|0x000000070ea00000, 0x000000070ea00000, 0x000000070ec00000|  0%| F|  |TAMS 0x000000070ea00000, 0x000000070ea00000| Untracked 
| 113|0x000000070ec00000, 0x000000070ec00000, 0x000000070ee00000|  0%| F|  |TAMS 0x000000070ec00000, 0x000000070ec00000| Untracked 
| 114|0x000000070ee00000, 0x000000070ee00000, 0x000000070f000000|  0%| F|  |TAMS 0x000000070ee00000, 0x000000070ee00000| Untracked 
| 115|0x000000070f000000, 0x000000070f000000, 0x000000070f200000|  0%| F|  |TAMS 0x000000070f000000, 0x000000070f000000| Untracked 
| 116|0x000000070f200000, 0x000000070f200000, 0x000000070f400000|  0%| F|  |TAMS 0x000000070f200000, 0x000000070f200000| Untracked 
| 117|0x000000070f400000, 0x000000070f400000, 0x000000070f600000|  0%| F|  |TAMS 0x000000070f400000, 0x000000070f400000| Untracked 
| 118|0x000000070f600000, 0x000000070f600000, 0x000000070f800000|  0%| F|  |TAMS 0x000000070f600000, 0x000000070f600000| Untracked 
| 119|0x000000070f800000, 0x000000070f800000, 0x000000070fa00000|  0%| F|  |TAMS 0x000000070f800000, 0x000000070f800000| Untracked 
| 120|0x000000070fa00000, 0x000000070fa00000, 0x000000070fc00000|  0%| F|  |TAMS 0x000000070fa00000, 0x000000070fa00000| Untracked 
| 121|0x000000070fc00000, 0x000000070fc00000, 0x000000070fe00000|  0%| F|  |TAMS 0x000000070fc00000, 0x000000070fc00000| Untracked 
| 122|0x000000070fe00000, 0x000000070fe00000, 0x0000000710000000|  0%| F|  |TAMS 0x000000070fe00000, 0x000000070fe00000| Untracked 
| 123|0x0000000710000000, 0x0000000710000000, 0x0000000710200000|  0%| F|  |TAMS 0x0000000710000000, 0x0000000710000000| Untracked 
| 124|0x0000000710200000, 0x0000000710200000, 0x0000000710400000|  0%| F|  |TAMS 0x0000000710200000, 0x0000000710200000| Untracked 
| 125|0x0000000710400000, 0x00000007105fcd70, 0x0000000710600000| 99%| E|  |TAMS 0x0000000710400000, 0x0000000710400000| Complete 
| 126|0x0000000710600000, 0x0000000710800000, 0x0000000710800000|100%| E|CS|TAMS 0x0000000710600000, 0x0000000710600000| Complete 
| 127|0x0000000710800000, 0x0000000710a00000, 0x0000000710a00000|100%| E|CS|TAMS 0x0000000710800000, 0x0000000710800000| Complete 

Card table byte_map: [0x000001e46e9a0000,0x000001e46f1a0000] _byte_map_base: 0x000001e46b19b000

Marking Bits (Prev, Next): (CMBitMap*) 0x000001e4578d0f90, (CMBitMap*) 0x000001e4578d0fd0
 Prev Bits: [0x000001e46f9a0000, 0x000001e473978000)
 Next Bits: [0x000001e473980000, 0x000001e477958000)

Polling page: 0x000001e455570000

Metaspace:

Usage:
  Non-class:      2.59 MB used.
      Class:    189.53 KB used.
       Both:      2.78 MB used.

Virtual space:
  Non-class space:       64.00 MB reserved,       2.69 MB (  4%) committed,  1 nodes.
      Class space:        1.00 GB reserved,     256.00 KB ( <1%) committed,  1 nodes.
             Both:        1.06 GB reserved,       2.94 MB ( <1%) committed. 

Chunk freelists:
   Non-Class:  2.66 MB
       Class:  3.64 MB
        Both:  6.30 MB

MaxMetaspaceSize: unlimited
CompressedClassSpaceSize: 1.00 GB
Initial GC threshold: 21.00 MB
Current GC threshold: 21.00 MB
CDS: on
MetaspaceReclaimPolicy: balanced
 - commit_granule_bytes: 65536.
 - commit_granule_words: 8192.
 - virtual_space_node_default_size: 8388608.
 - enlarge_chunks_in_place: 1.
 - new_chunks_are_fully_committed: 0.
 - uncommit_free_chunks: 1.
 - use_allocation_guard: 0.


Internal statistics:

num_allocs_failed_limit: 0.
num_arena_births: 80.
num_arena_deaths: 0.
num_vsnodes_births: 2.
num_vsnodes_deaths: 0.
num_space_committed: 47.
num_space_uncommitted: 0.
num_chunks_returned_to_freelist: 0.
num_chunks_taken_from_freelist: 155.
num_chunk_merges: 0.
num_chunk_splits: 101.
num_chunks_enlarged: 65.
num_inconsistent_stats: 0.

CodeHeap 'non-profiled nmethods': size=120000Kb used=168Kb max_used=168Kb free=119832Kb
 bounds [0x000001e466c70000, 0x000001e466ee0000, 0x000001e46e1a0000]
CodeHeap 'profiled nmethods': size=120000Kb used=764Kb max_used=764Kb free=119235Kb
 bounds [0x000001e45f740000, 0x000001e45f9b0000, 0x000001e466c70000]
CodeHeap 'non-nmethods': size=5760Kb used=1578Kb max_used=1592Kb free=4181Kb
 bounds [0x000001e45f1a0000, 0x000001e45f410000, 0x000001e45f740000]
 total_blobs=1531 nmethods=539 adapters=905
 compilation: enabled
              stopped_count=0, restarted_count=0
 full_count=0

Compilation events (20 events):
Event: 0.256 Thread 0x000001e479ced070  530       3       jdk.internal.jimage.BasicImageReader::getLocationIndex (52 bytes)
Event: 0.257 Thread 0x000001e479ced070 nmethod 530 0x000001e45f7fce90 code [0x000001e45f7fd080, 0x000001e45f7fd518]
Event: 0.257 Thread 0x000001e479ced070  531       3       jdk.internal.jimage.ImageStringsReader::hashCode (8 bytes)
Event: 0.257 Thread 0x000001e479ced070 nmethod 531 0x000001e45f7fd790 code [0x000001e45f7fd940, 0x000001e45f7fdaf8]
Event: 0.257 Thread 0x000001e479ced070  528       3       java.lang.ClassLoader::getClassLoadingLock (35 bytes)
Event: 0.257 Thread 0x000001e479ced070 nmethod 528 0x000001e45f7fdc10 code [0x000001e45f7fddc0, 0x000001e45f7fe0c8]
Event: 0.257 Thread 0x000001e479ced070  529       3       java.io.InputStream::<init> (5 bytes)
Event: 0.257 Thread 0x000001e479ced070 nmethod 529 0x000001e45f7fe210 code [0x000001e45f7fe3a0, 0x000001e45f7fe4f8]
Event: 0.257 Thread 0x000001e479ced070  532       3       jdk.internal.loader.NativeLibraries$NativeLibraryImpl::find (6 bytes)
Event: 0.258 Thread 0x000001e479ced070 nmethod 532 0x000001e45f7fe590 code [0x000001e45f7fe720, 0x000001e45f7fe848]
Event: 0.258 Thread 0x000001e479ced070  535       3       sun.misc.Unsafe::putLong (11 bytes)
Event: 0.258 Thread 0x000001e479cea630  537       4       java.lang.Integer::toUnsignedLong (7 bytes)
Event: 0.259 Thread 0x000001e479ced070 nmethod 535 0x000001e45f7fe910 code [0x000001e45f7feaa0, 0x000001e45f7febb8]
Event: 0.259 Thread 0x000001e479ced070  536       3       org.lwjgl.system.MemoryUtil::memPutAddress (29 bytes)
Event: 0.259 Thread 0x000001e479ced070 nmethod 536 0x000001e45f7fec90 code [0x000001e45f7fee40, 0x000001e45f7ff038]
Event: 0.259 Thread 0x000001e479cea630 nmethod 537 0x000001e466c99710 code [0x000001e466c99880, 0x000001e466c998d8]
Event: 0.259 Thread 0x000001e479cea630  538       4       sun.misc.Unsafe::putLong (11 bytes)
Event: 0.259 Thread 0x000001e479cea630 nmethod 538 0x000001e466c99a10 code [0x000001e466c99b80, 0x000001e466c99c18]
Event: 0.260 Thread 0x000001e479ced070  539       1       java.net.URL::getUserInfo (5 bytes)
Event: 0.260 Thread 0x000001e479ced070 nmethod 539 0x000001e466c99d10 code [0x000001e466c99ea0, 0x000001e466c99f78]

GC Heap History (0 events):
No events

Deoptimization events (20 events):
Event: 0.088 Thread 0x000001e45785db00 DEOPT PACKING pc=0x000001e466c7e82c sp=0x0000006b4f4fece0
Event: 0.088 Thread 0x000001e45785db00 DEOPT UNPACKING pc=0x000001e45f1f23a3 sp=0x0000006b4f4fec20 mode 2
Event: 0.173 Thread 0x000001e45785db00 DEOPT PACKING pc=0x000001e45f76d667 sp=0x0000006b4f4fc5c0
Event: 0.173 Thread 0x000001e45785db00 DEOPT UNPACKING pc=0x000001e45f1f2b43 sp=0x0000006b4f4fb9e0 mode 0
Event: 0.219 Thread 0x000001e45785db00 DEOPT PACKING pc=0x000001e45f748651 sp=0x0000006b4f4fb9a0
Event: 0.219 Thread 0x000001e45785db00 DEOPT UNPACKING pc=0x000001e45f1f2b43 sp=0x0000006b4f4fae18 mode 0
Event: 0.240 Thread 0x000001e45785db00 DEOPT PACKING pc=0x000001e45f7ef737 sp=0x0000006b4f4fec30
Event: 0.240 Thread 0x000001e45785db00 DEOPT UNPACKING pc=0x000001e45f1f2b43 sp=0x0000006b4f4fe1b8 mode 0
Event: 0.242 Thread 0x000001e45785db00 Uncommon trap: trap_request=0xffffff45 fr.pc=0x000001e466c97490 relative=0x0000000000000270
Event: 0.242 Thread 0x000001e45785db00 Uncommon trap: reason=unstable_if action=reinterpret pc=0x000001e466c97490 method=java.nio.Buffer.hasRemaining()Z @ 8 c2
Event: 0.242 Thread 0x000001e45785db00 DEOPT PACKING pc=0x000001e466c97490 sp=0x0000006b4f4fecf0
Event: 0.242 Thread 0x000001e45785db00 DEOPT UNPACKING pc=0x000001e45f1f23a3 sp=0x0000006b4f4fec58 mode 2
Event: 0.243 Thread 0x000001e45785db00 Uncommon trap: trap_request=0xffffff45 fr.pc=0x000001e466c96f64 relative=0x0000000000000064
Event: 0.243 Thread 0x000001e45785db00 Uncommon trap: reason=unstable_if action=reinterpret pc=0x000001e466c96f64 method=java.nio.Buffer.hasRemaining()Z @ 8 c2
Event: 0.243 Thread 0x000001e45785db00 DEOPT PACKING pc=0x000001e466c96f64 sp=0x0000006b4f4fde70
Event: 0.243 Thread 0x000001e45785db00 DEOPT UNPACKING pc=0x000001e45f1f23a3 sp=0x0000006b4f4fde08 mode 2
Event: 0.261 Thread 0x000001e45785db00 Uncommon trap: trap_request=0xffffff54 fr.pc=0x000001e466c99be0 relative=0x0000000000000060
Event: 0.261 Thread 0x000001e45785db00 Uncommon trap: reason=speculate_null_assert action=make_not_entrant pc=0x000001e466c99be0 method=sun.misc.Unsafe.putLong(Ljava/lang/Object;JJ)V @ 7 c2
Event: 0.261 Thread 0x000001e45785db00 DEOPT PACKING pc=0x000001e466c99be0 sp=0x0000006b4f4fea20
Event: 0.261 Thread 0x000001e45785db00 DEOPT UNPACKING pc=0x000001e45f1f23a3 sp=0x0000006b4f4fe998 mode 2

Classes loaded (20 events):
Event: 0.150 Loading class sun/misc/Unsafe
Event: 0.150 Loading class sun/misc/Unsafe done
Event: 0.150 Loading class java/lang/invoke/DirectMethodHandle$StaticAccessor
Event: 0.150 Loading class java/lang/invoke/DirectMethodHandle$StaticAccessor done
Event: 0.155 Loading class java/util/function/LongPredicate
Event: 0.155 Loading class java/util/function/LongPredicate done
Event: 0.157 Loading class jdk/internal/access/foreign/MemorySegmentProxy
Event: 0.157 Loading class jdk/internal/access/foreign/MemorySegmentProxy done
Event: 0.167 Loading class java/nio/InvalidMarkException
Event: 0.167 Loading class java/nio/InvalidMarkException done
Event: 0.167 Loading class java/nio/BufferUnderflowException
Event: 0.167 Loading class java/nio/BufferUnderflowException done
Event: 0.169 Loading class java/lang/IndexOutOfBoundsException
Event: 0.169 Loading class java/lang/IndexOutOfBoundsException done
Event: 0.209 Loading class java/nio/channels/spi/AbstractInterruptibleChannel$1
Event: 0.209 Loading class sun/nio/ch/Interruptible
Event: 0.209 Loading class sun/nio/ch/Interruptible done
Event: 0.209 Loading class java/nio/channels/spi/AbstractInterruptibleChannel$1 done
Event: 0.227 Loading class jdk/internal/misc/ScopedMemoryAccess$Scope
Event: 0.227 Loading class jdk/internal/misc/ScopedMemoryAccess$Scope done

Classes unloaded (0 events):
No events

Classes redefined (0 events):
No events

Internal exceptions (20 events):
Event: 0.137 Thread 0x000001e45785db00 Exception <a 'sun/nio/fs/WindowsException'{0x00000007107af670}> (0x00000007107af670) 
thrown [s\open\src\hotspot\share\prims\jni.cpp, line 516]
Event: 0.144 Thread 0x000001e45785db00 Exception <a 'sun/nio/fs/WindowsException'{0x00000007107bf138}> (0x00000007107bf138) 
thrown [s\open\src\hotspot\share\prims\jni.cpp, line 516]
Event: 0.144 Thread 0x000001e45785db00 Exception <a 'sun/nio/fs/WindowsException'{0x00000007107bf498}> (0x00000007107bf498) 
thrown [s\open\src\hotspot\share\prims\jni.cpp, line 516]
Event: 0.148 Thread 0x000001e45785db00 Exception <a 'java/lang/NoSuchMethodError'{0x00000007107f4b38}: 'java.lang.Object java.lang.invoke.DirectMethodHandle$Holder.invokeStaticInit(java.lang.Object)'> (0x00000007107f4b38) 
thrown [s\open\src\hotspot\share\interpreter\linkResolver.cpp, line 759]
Event: 0.156 Thread 0x000001e45785db00 Exception <a 'java/lang/NoSuchMethodError'{0x0000000710411eb8}: 'int java.lang.invoke.DirectMethodHandle$Holder.invokeStaticInit(java.lang.Object, java.lang.Object, int, long)'> (0x0000000710411eb8) 
thrown [s\open\src\hotspot\share\interpreter\linkResolver.cpp, line 759]
Event: 0.157 Thread 0x000001e45785db00 Exception <a 'java/lang/NoSuchMethodError'{0x0000000710417780}: 'java.lang.Object java.lang.invoke.DirectMethodHandle$Holder.newInvokeSpecial(java.lang.Object, java.lang.Object, int)'> (0x0000000710417780) 
thrown [s\open\src\hotspot\share\interpreter\linkResolver.cpp, line 759]
Event: 0.159 Thread 0x000001e45785db00 Exception <a 'java/lang/NoSuchMethodError'{0x00000007104260c8}: 'int java.lang.invoke.DirectMethodHandle$Holder.invokeStaticInit(java.lang.Object, java.lang.Object, long, long)'> (0x00000007104260c8) 
thrown [s\open\src\hotspot\share\interpreter\linkResolver.cpp, line 759]
Event: 0.161 Thread 0x000001e45785db00 Exception <a 'java/lang/NoSuchMethodError'{0x000000071042c1d8}: 'java.lang.Object java.lang.invoke.DirectMethodHandle$Holder.newInvokeSpecial(java.lang.Object, java.lang.Object, long)'> (0x000000071042c1d8) 
thrown [s\open\src\hotspot\share\interpreter\linkResolver.cpp, line 759]
Event: 0.163 Thread 0x000001e45785db00 Exception <a 'java/lang/NoSuchMethodError'{0x0000000710430230}: 'java.lang.Object java.lang.invoke.Invokers$Holder.linkToTargetMethod(java.lang.Object, long, java.lang.Object)'> (0x0000000710430230) 
thrown [s\open\src\hotspot\share\interpreter\linkResolver.cpp, line 759]
Event: 0.166 Thread 0x000001e45785db00 Exception <a 'java/lang/NoSuchMethodError'{0x00000007104377d8}: 'int java.lang.invoke.DirectMethodHandle$Holder.invokeStaticInit(java.lang.Object, java.lang.Object, java.lang.Object, long)'> (0x00000007104377d8) 
thrown [s\open\src\hotspot\share\interpreter\linkResolver.cpp, line 759]
Event: 0.211 Thread 0x000001e45785db00 Exception <a 'java/lang/NoSuchMethodError'{0x00000007104c7f28}: 'void java.lang.System.load(java.lang.String, java.lang.Class)'> (0x00000007104c7f28) 
thrown [s\open\src\hotspot\share\interpreter\linkResolver.cpp, line 759]
Event: 0.211 Thread 0x000001e45785db00 Exception <a 'java/lang/NoSuchMethodError'{0x00000007104cadc0}: 'void java.lang.System.loadLibrary(java.lang.String, java.lang.Class)'> (0x00000007104cadc0) 
thrown [s\open\src\hotspot\share\interpreter\linkResolver.cpp, line 759]
Event: 0.216 Thread 0x000001e45785db00 Exception <a 'sun/nio/fs/WindowsException'{0x00000007104d69e0}> (0x00000007104d69e0) 
thrown [s\open\src\hotspot\share\prims\jni.cpp, line 516]
Event: 0.216 Thread 0x000001e45785db00 Exception <a 'sun/nio/fs/WindowsException'{0x00000007104d6d60}> (0x00000007104d6d60) 
thrown [s\open\src\hotspot\share\prims\jni.cpp, line 516]
Event: 0.250 Thread 0x000001e45785db00 Exception <a 'java/lang/NoSuchMethodError'{0x000000071058b480}: 'void java.lang.System.load(java.lang.String, java.lang.Class)'> (0x000000071058b480) 
thrown [s\open\src\hotspot\share\interpreter\linkResolver.cpp, line 759]
Event: 0.250 Thread 0x000001e45785db00 Exception <a 'java/lang/NoSuchMethodError'{0x000000071058e310}: 'void java.lang.System.loadLibrary(java.lang.String, java.lang.Class)'> (0x000000071058e310) 
thrown [s\open\src\hotspot\share\interpreter\linkResolver.cpp, line 759]
Event: 0.253 Thread 0x000001e45785db00 Exception <a 'sun/nio/fs/WindowsException'{0x000000071059e388}> (0x000000071059e388) 
thrown [s\open\src\hotspot\share\prims\jni.cpp, line 516]
Event: 0.253 Thread 0x000001e45785db00 Exception <a 'sun/nio/fs/WindowsException'{0x000000071059e730}> (0x000000071059e730) 
thrown [s\open\src\hotspot\share\prims\jni.cpp, line 516]
Event: 0.256 Thread 0x000001e45785db00 Exception <a 'sun/nio/fs/WindowsException'{0x00000007105a3cf0}> (0x00000007105a3cf0) 
thrown [s\open\src\hotspot\share\prims\jni.cpp, line 516]
Event: 0.256 Thread 0x000001e45785db00 Exception <a 'sun/nio/fs/WindowsException'{0x00000007105a3fd0}> (0x00000007105a3fd0) 
thrown [s\open\src\hotspot\share\prims\jni.cpp, line 516]

VM Operations (4 events):
Event: 0.055 Executing VM operation: HandshakeAllThreads
Event: 0.055 Executing VM operation: HandshakeAllThreads done
Event: 0.089 Executing VM operation: HandshakeAllThreads
Event: 0.089 Executing VM operation: HandshakeAllThreads done

Events (20 events):
Event: 0.027 Thread 0x000001e479cda240 Thread added: 0x000001e479cda240
Event: 0.027 Thread 0x000001e479cdabe0 Thread added: 0x000001e479cdabe0
Event: 0.027 Thread 0x000001e479cdb580 Thread added: 0x000001e479cdb580
Event: 0.027 Thread 0x000001e479ce00c0 Thread added: 0x000001e479ce00c0
Event: 0.027 Thread 0x000001e479cea630 Thread added: 0x000001e479cea630
Event: 0.027 Thread 0x000001e479ced070 Thread added: 0x000001e479ced070
Event: 0.027 Thread 0x000001e479d01270 Thread added: 0x000001e479d01270
Event: 0.049 Thread 0x000001e479ca83b0 Thread added: 0x000001e479ca83b0
Event: 0.062 Loaded shared library C:\Users\vinny\.jdks\openjdk-18.0.2\bin\zip.dll
Event: 0.064 Loaded shared library C:\Users\vinny\.jdks\openjdk-18.0.2\bin\instrument.dll
Event: 0.068 Loaded shared library C:\Users\vinny\.jdks\openjdk-18.0.2\bin\net.dll
Event: 0.070 Loaded shared library C:\Users\vinny\.jdks\openjdk-18.0.2\bin\nio.dll
Event: 0.073 Loaded shared library C:\Users\vinny\.jdks\openjdk-18.0.2\bin\zip.dll
Event: 0.087 Loaded shared library D:\IntelliJ\IntelliJ IDEA Community Edition 2022.2\bin\breakgen64.dll
Event: 0.087 Thread 0x000001e47e211180 Thread added: 0x000001e47e211180
Event: 0.088 Thread 0x000001e47e2171d0 Thread added: 0x000001e47e2171d0
Event: 0.123 Loaded shared library C:\Users\vinny\.jdks\openjdk-18.0.2\bin\jimage.dll
Event: 0.138 Loaded shared library C:\Users\vinny\AppData\Local\Temp\lwjglvinny\3.3.1-build-7\lwjgl.dll
Event: 0.217 Loaded shared library C:\Users\vinny\AppData\Local\Temp\lwjglvinny\3.3.1-build-7\lwjgl_stb.dll
Event: 0.255 Loaded shared library C:\Users\vinny\AppData\Local\Temp\lwjglvinny\3.3.1-build-7\lwjgl_opengl.dll


Dynamic libraries:
0x00007ff7791a0000 - 0x00007ff7791ae000 	C:\Users\vinny\.jdks\openjdk-18.0.2\bin\java.exe
0x00007ffafed90000 - 0x00007ffafef88000 	C:\WINDOWS\SYSTEM32\ntdll.dll
0x00007ffafec90000 - 0x00007ffafed4d000 	C:\WINDOWS\System32\KERNEL32.DLL
0x00007ffafc980000 - 0x00007ffafcc4e000 	C:\WINDOWS\System32\KERNELBASE.dll
0x00007ffafccf0000 - 0x00007ffafcdf0000 	C:\WINDOWS\System32\ucrtbase.dll
0x00007ffae6690000 - 0x00007ffae66a7000 	C:\Users\vinny\.jdks\openjdk-18.0.2\bin\jli.dll
0x00007ffafd8e0000 - 0x00007ffafda80000 	C:\WINDOWS\System32\USER32.dll
0x00007ffafc5c0000 - 0x00007ffafc5e2000 	C:\WINDOWS\System32\win32u.dll
0x00007ffafde90000 - 0x00007ffafdeba000 	C:\WINDOWS\System32\GDI32.dll
0x00007ffafc4b0000 - 0x00007ffafc5bb000 	C:\WINDOWS\System32\gdi32full.dll
0x00007ffafc6a0000 - 0x00007ffafc73d000 	C:\WINDOWS\System32\msvcp_win.dll
0x00007ffae6400000 - 0x00007ffae641a000 	C:\Users\vinny\.jdks\openjdk-18.0.2\bin\VCRUNTIME140.dll
0x00007ffae3690000 - 0x00007ffae392a000 	C:\WINDOWS\WinSxS\amd64_microsoft.windows.common-controls_6595b64144ccf1df_6.0.19041.1110_none_60b5254171f9507e\COMCTL32.dll
0x00007ffafda80000 - 0x00007ffafdb1e000 	C:\WINDOWS\System32\msvcrt.dll
0x00007ffafd8b0000 - 0x00007ffafd8e0000 	C:\WINDOWS\System32\IMM32.DLL
0x00007ffae81c0000 - 0x00007ffae81cc000 	C:\Users\vinny\.jdks\openjdk-18.0.2\bin\vcruntime140_1.dll
0x00007ffae4920000 - 0x00007ffae49ad000 	C:\Users\vinny\.jdks\openjdk-18.0.2\bin\msvcp140.dll
0x00007ffa90870000 - 0x00007ffa91481000 	C:\Users\vinny\.jdks\openjdk-18.0.2\bin\server\jvm.dll
0x00007ffafe700000 - 0x00007ffafe7ae000 	C:\WINDOWS\System32\ADVAPI32.dll
0x00007ffafe890000 - 0x00007ffafe92c000 	C:\WINDOWS\System32\sechost.dll
0x00007ffafe5d0000 - 0x00007ffafe6f5000 	C:\WINDOWS\System32\RPCRT4.dll
0x00007ffafe7b0000 - 0x00007ffafe7b8000 	C:\WINDOWS\System32\PSAPI.DLL
0x00007ffaf8f20000 - 0x00007ffaf8f29000 	C:\WINDOWS\SYSTEM32\WSOCK32.dll
0x00007ffafdcf0000 - 0x00007ffafdd5b000 	C:\WINDOWS\System32\WS2_32.dll
0x00007ffaf3f90000 - 0x00007ffaf3fb7000 	C:\WINDOWS\SYSTEM32\WINMM.dll
0x00007ffaf3f80000 - 0x00007ffaf3f8a000 	C:\WINDOWS\SYSTEM32\VERSION.dll
0x00007ffaf96e0000 - 0x00007ffaf96f2000 	C:\WINDOWS\SYSTEM32\kernel.appcore.dll
0x00007ffae7020000 - 0x00007ffae702a000 	C:\Users\vinny\.jdks\openjdk-18.0.2\bin\jimage.dll
0x00007ffafbd40000 - 0x00007ffafbf24000 	C:\WINDOWS\SYSTEM32\DBGHELP.DLL
0x00007ffafbc90000 - 0x00007ffafbcbc000 	C:\WINDOWS\SYSTEM32\dbgcore.DLL
0x00007ffafc8f0000 - 0x00007ffafc972000 	C:\WINDOWS\System32\bcryptPrimitives.dll
0x00007ffae6010000 - 0x00007ffae601e000 	C:\Users\vinny\.jdks\openjdk-18.0.2\bin\instrument.dll
0x00007ffae63d0000 - 0x00007ffae63f5000 	C:\Users\vinny\.jdks\openjdk-18.0.2\bin\java.dll
0x00007ffae39c0000 - 0x00007ffae3a96000 	C:\Users\vinny\.jdks\openjdk-18.0.2\bin\jsvml.dll
0x00007ffafd100000 - 0x00007ffafd843000 	C:\WINDOWS\System32\SHELL32.dll
0x00007ffaf9f70000 - 0x00007ffafa705000 	C:\WINDOWS\SYSTEM32\windows.storage.dll
0x00007ffafe930000 - 0x00007ffafec84000 	C:\WINDOWS\System32\combase.dll
0x00007ffafb820000 - 0x00007ffafb850000 	C:\WINDOWS\SYSTEM32\Wldp.dll
0x00007ffafe7d0000 - 0x00007ffafe87d000 	C:\WINDOWS\System32\SHCORE.dll
0x00007ffafcf80000 - 0x00007ffafcfd5000 	C:\WINDOWS\System32\shlwapi.dll
0x00007ffafc3f0000 - 0x00007ffafc40f000 	C:\WINDOWS\SYSTEM32\profapi.dll
0x00007ffae6110000 - 0x00007ffae6128000 	C:\Users\vinny\.jdks\openjdk-18.0.2\bin\zip.dll
0x00007ffae63b0000 - 0x00007ffae63c3000 	C:\Users\vinny\.jdks\openjdk-18.0.2\bin\net.dll
0x00007ffaef9d0000 - 0x00007ffaefada000 	C:\WINDOWS\SYSTEM32\WINHTTP.dll
0x00007ffafb6f0000 - 0x00007ffafb75a000 	C:\WINDOWS\system32\mswsock.dll
0x00007ffae6250000 - 0x00007ffae6266000 	C:\Users\vinny\.jdks\openjdk-18.0.2\bin\nio.dll
0x00007ffae5da0000 - 0x00007ffae5dba000 	D:\IntelliJ\IntelliJ IDEA Community Edition 2022.2\bin\breakgen64.dll
0x00007ffae1920000 - 0x00007ffae1995000 	C:\Users\vinny\AppData\Local\Temp\lwjglvinny\3.3.1-build-7\lwjgl.dll
0x00007ffae5410000 - 0x00007ffae5471000 	C:\Users\vinny\AppData\Local\Temp\lwjglvinny\3.3.1-build-7\glfw.dll
0x00007ffae5360000 - 0x00007ffae53a5000 	C:\WINDOWS\SYSTEM32\dinput8.dll
0x00007ffae54c0000 - 0x00007ffae54d1000 	C:\WINDOWS\SYSTEM32\xinput1_4.dll
0x00007ffafc740000 - 0x00007ffafc78e000 	C:\WINDOWS\System32\cfgmgr32.dll
0x00007ffafc260000 - 0x00007ffafc28c000 	C:\WINDOWS\SYSTEM32\DEVOBJ.dll
0x00007ffaf9500000 - 0x00007ffaf952f000 	C:\WINDOWS\SYSTEM32\dwmapi.dll
0x00007ffaf1130000 - 0x00007ffaf1282000 	C:\WINDOWS\SYSTEM32\inputhost.dll
0x00007ffafddc0000 - 0x00007ffafde8d000 	C:\WINDOWS\System32\OLEAUT32.dll
0x00007ffaf8cf0000 - 0x00007ffaf8de2000 	C:\WINDOWS\SYSTEM32\CoreMessaging.dll
0x00007ffaf74f0000 - 0x00007ffaf7644000 	C:\WINDOWS\SYSTEM32\wintypes.dll
0x00007ffaf7370000 - 0x00007ffaf7466000 	C:\WINDOWS\SYSTEM32\PROPSYS.dll
0x00007ffaf8610000 - 0x00007ffaf896e000 	C:\WINDOWS\SYSTEM32\CoreUIComponents.dll
0x00007ffafc200000 - 0x00007ffafc233000 	C:\WINDOWS\SYSTEM32\ntmarta.dll
0x00007ffaf92e0000 - 0x00007ffaf937e000 	C:\WINDOWS\system32\uxtheme.dll
0x00007ffafcfe0000 - 0x00007ffafd0f5000 	C:\WINDOWS\System32\MSCTF.dll
0x00007ffadd980000 - 0x00007ffadda01000 	C:\Users\vinny\AppData\Local\Temp\lwjglvinny\3.3.1-build-7\lwjgl_stb.dll
0x00007ffae18c0000 - 0x00007ffae191d000 	C:\Users\vinny\AppData\Local\Temp\lwjglvinny\3.3.1-build-7\lwjgl_opengl.dll
0x00007ffaab040000 - 0x00007ffaab167000 	C:\WINDOWS\SYSTEM32\opengl32.dll
0x00007ffaaa3b0000 - 0x00007ffaaa3dc000 	C:\WINDOWS\SYSTEM32\GLU32.dll

dbghelp: loaded successfully - version: 4.0.5 - missing functions: none
symbol engine: initialized successfully - sym options: 0x614 - pdb path: .;C:\Users\vinny\.jdks\openjdk-18.0.2\bin;C:\WINDOWS\SYSTEM32;C:\WINDOWS\WinSxS\amd64_microsoft.windows.common-controls_6595b64144ccf1df_6.0.19041.1110_none_60b5254171f9507e;C:\Users\vinny\.jdks\openjdk-18.0.2\bin\server;D:\IntelliJ\IntelliJ IDEA Community Edition 2022.2\bin;C:\Users\vinny\AppData\Local\Temp\lwjglvinny\3.3.1-build-7

VM Arguments:
jvm_args: -javaagent:D:\IntelliJ\IntelliJ IDEA Community Edition 2022.2\lib\idea_rt.jar=56514:D:\IntelliJ\IntelliJ IDEA Community Edition 2022.2\bin -Dfile.encoding=UTF-8 
java_command: ShadowDimension.ShadowDimension
java_class_path (initial): C:\UNI\SWEN\luuvl-project-2\target\classes;C:\Users\vinny\.m2\repository\org\lwjgl\lwjgl\3.3.1\lwjgl-3.3.1.jar;C:\Users\vinny\.m2\repository\org\lwjgl\lwjgl-assimp\3.3.1\lwjgl-assimp-3.3.1.jar;C:\Users\vinny\.m2\repository\org\lwjgl\lwjgl-glfw\3.3.1\lwjgl-glfw-3.3.1.jar;C:\Users\vinny\.m2\repository\org\lwjgl\lwjgl-openal\3.3.1\lwjgl-openal-3.3.1.jar;C:\Users\vinny\.m2\repository\org\lwjgl\lwjgl-opengl\3.3.1\lwjgl-opengl-3.3.1.jar;C:\Users\vinny\.m2\repository\org\lwjgl\lwjgl-stb\3.3.1\lwjgl-stb-3.3.1.jar;C:\Users\vinny\.m2\repository\org\lwjgl\lwjgl\3.3.1\lwjgl-3.3.1-natives-windows.jar;C:\Users\vinny\.m2\repository\org\lwjgl\lwjgl-assimp\3.3.1\lwjgl-assimp-3.3.1-natives-windows.jar;C:\Users\vinny\.m2\repository\org\lwjgl\lwjgl-glfw\3.3.1\lwjgl-glfw-3.3.1-natives-windows.jar;C:\Users\vinny\.m2\repository\org\lwjgl\lwjgl-openal\3.3.1\lwjgl-openal-3.3.1-natives-windows.jar;C:\Users\vinny\.m2\repository\org\lwjgl\lwjgl-opengl\3.3.1\lwjgl-opengl-3.3.1-natives-windows.jar;C:\Users\vinny\.m2\repository\org\lwjgl\lwjgl-stb\3.3.1\lwjgl-stb-3.3.1-natives-windows.jar;C:\Users\vinny\.m2\repository\io\github\eleanor-em\bagel\1.9.3\bagel-1.9.3.jar
Launcher Type: SUN_STANDARD

[Global flags]
     intx CICompilerCount                          = 3                                         {product} {ergonomic}
     uint ConcGCThreads                            = 1                                         {product} {ergonomic}
     uint G1ConcRefinementThreads                  = 4                                         {product} {ergonomic}
   size_t G1HeapRegionSize                         = 2097152                                   {product} {ergonomic}
    uintx GCDrainStackTargetSize                   = 64                                        {product} {ergonomic}
   size_t InitialHeapSize                          = 268435456                                 {product} {ergonomic}
   size_t MarkStackSize                            = 4194304                                   {product} {ergonomic}
   size_t MaxHeapSize                              = 4284481536                                {product} {ergonomic}
   size_t MaxNewSize                               = 2569011200                                {product} {ergonomic}
   size_t MinHeapDeltaBytes                        = 2097152                                   {product} {ergonomic}
   size_t MinHeapSize                              = 8388608                                   {product} {ergonomic}
    uintx NonNMethodCodeHeapSize                   = 5832780                                {pd product} {ergonomic}
    uintx NonProfiledCodeHeapSize                  = 122912730                              {pd product} {ergonomic}
    uintx ProfiledCodeHeapSize                     = 122912730                              {pd product} {ergonomic}
    uintx ReservedCodeCacheSize                    = 251658240                              {pd product} {ergonomic}
     bool SegmentedCodeCache                       = true                                      {product} {ergonomic}
   size_t SoftMaxHeapSize                          = 4284481536                             {manageable} {ergonomic}
     bool UseCompressedClassPointers               = true                           {product lp64_product} {ergonomic}
     bool UseCompressedOops                        = true                           {product lp64_product} {ergonomic}
     bool UseG1GC                                  = true                                      {product} {ergonomic}
     bool UseLargePagesIndividualAllocation        = false                                  {pd product} {ergonomic}

Logging:
Log output configuration:
 #0: stdout all=warning uptime,level,tags foldmultilines=false
 #1: stderr all=off uptime,level,tags foldmultilines=false

Environment Variables:
PATH=C:\WINDOWS\system32;C:\WINDOWS;C:\WINDOWS\System32\Wbem;C:\WINDOWS\System32\WindowsPowerShell\v1.0\;C:\WINDOWS\System32\OpenSSH\;C:\Program Files\jEdit;C:\Program Files\Git\cmd;C:\Users\vinny\AppData\Local\Microsoft\WindowsApps;;C:\Users\vinny\AppData\Local\Programs\Microsoft VS Code\bin
USERNAME=vinny
OS=Windows_NT
PROCESSOR_IDENTIFIER=Intel64 Family 6 Model 158 Stepping 9, GenuineIntel



---------------  S Y S T E M  ---------------

OS:
 Windows 10 , 64 bit Build 19041 (10.0.19041.1889)
OS uptime: 7 days 21:14 hours

CPU: total 4 (initial active 4) (4 cores per cpu, 1 threads per core) family 6 model 158 stepping 9 microcode 0xb4, cx8, cmov, fxsr, mmx, 3dnowpref, sse, sse2, sse3, ssse3, sse4.1, sse4.2, popcnt, lzcnt, tsc, tscinvbit, avx, avx2, aes, erms, clmul, bmi1, bmi2, rtm, adx, fma, vzeroupper, clflush, clflushopt

Memory: 4k page, system-wide physical 16342M (6092M free)
TotalPageFile size 24022M (AvailPageFile size 3884M)
current process WorkingSet (physical memory assigned to process): 53M, peak: 53M
current process commit charge ("private bytes"): 346M, peak: 346M

vm_info: OpenJDK 64-Bit Server VM (18.0.2+9-61) for windows-amd64 JRE (18.0.2+9-61), built on Jun  7 2022 13:05:59 by "mach5one" with MS VC++ 16.8 / 16.9 (VS2019)

END.
